\BOOKMARK [0][-]{chapter.1}{\376\377\000H\000i\000e\000r\000a\000r\000c\000h\000i\000c\000a\000l\000\040\000I\000n\000d\000e\000x}{}% 1
\BOOKMARK [1][-]{section.1.1}{\376\377\000C\000l\000a\000s\000s\000\040\000H\000i\000e\000r\000a\000r\000c\000h\000y}{chapter.1}% 2
\BOOKMARK [0][-]{chapter.2}{\376\377\000C\000l\000a\000s\000s\000\040\000I\000n\000d\000e\000x}{}% 3
\BOOKMARK [1][-]{section.2.1}{\376\377\000C\000l\000a\000s\000s\000\040\000L\000i\000s\000t}{chapter.2}% 4
\BOOKMARK [0][-]{chapter.3}{\376\377\000F\000i\000l\000e\000\040\000I\000n\000d\000e\000x}{}% 5
\BOOKMARK [1][-]{section.3.1}{\376\377\000F\000i\000l\000e\000\040\000L\000i\000s\000t}{chapter.3}% 6
\BOOKMARK [0][-]{chapter.4}{\376\377\000C\000l\000a\000s\000s\000\040\000D\000o\000c\000u\000m\000e\000n\000t\000a\000t\000i\000o\000n}{}% 7
\BOOKMARK [1][-]{section.4.1}{\376\377\000A\000c\000c\000d\000P\000l\000a\000n\000a\000r\000\040\000C\000l\000a\000s\000s\000\040\000R\000e\000f\000e\000r\000e\000n\000c\000e}{chapter.4}% 8
\BOOKMARK [2][-]{subsection.4.1.1}{\376\377\000D\000e\000t\000a\000i\000l\000e\000d\000\040\000D\000e\000s\000c\000r\000i\000p\000t\000i\000o\000n}{section.4.1}% 9
\BOOKMARK [2][-]{subsection.4.1.2}{\376\377\000C\000o\000n\000s\000t\000r\000u\000c\000t\000o\000r\000\040\000\046\000\040\000D\000e\000s\000t\000r\000u\000c\000t\000o\000r\000\040\000D\000o\000c\000u\000m\000e\000n\000t\000a\000t\000i\000o\000n}{section.4.1}% 10
\BOOKMARK [3][-]{subsubsection.4.1.2.1}{\376\377\000A\000c\000c\000d\000P\000l\000a\000n\000a\000r}{subsection.4.1.2}% 11
\BOOKMARK [3][-]{subsubsection.4.1.2.2}{\376\377\000A\000c\000c\000d\000P\000l\000a\000n\000a\000r}{subsection.4.1.2}% 12
\BOOKMARK [2][-]{subsection.4.1.3}{\376\377\000M\000e\000m\000b\000e\000r\000\040\000F\000u\000n\000c\000t\000i\000o\000n\000\040\000D\000o\000c\000u\000m\000e\000n\000t\000a\000t\000i\000o\000n}{section.4.1}% 13
\BOOKMARK [3][-]{subsubsection.4.1.3.1}{\376\377\000g\000e\000t\000v\000e\000x\000t}{subsection.4.1.3}% 14
\BOOKMARK [3][-]{subsubsection.4.1.3.2}{\376\377\000p\000r\000i\000n\000t\000I\000n\000f\000o}{subsection.4.1.3}% 15
\BOOKMARK [3][-]{subsubsection.4.1.3.3}{\376\377\000s\000e\000t\000d\000L\000d\000R}{subsection.4.1.3}% 16
\BOOKMARK [3][-]{subsubsection.4.1.3.4}{\376\377\000s\000e\000t\000R\000a\000d\000i\000u\000s}{subsection.4.1.3}% 17
\BOOKMARK [1][-]{section.4.2}{\376\377\000A\000c\000c\000d\000S\000p\000h\000e\000r\000i\000c\000a\000l\000G\000u\000\040\000C\000l\000a\000s\000s\000\040\000R\000e\000f\000e\000r\000e\000n\000c\000e}{chapter.4}% 18
\BOOKMARK [2][-]{subsection.4.2.1}{\376\377\000D\000e\000t\000a\000i\000l\000e\000d\000\040\000D\000e\000s\000c\000r\000i\000p\000t\000i\000o\000n}{section.4.2}% 19
\BOOKMARK [2][-]{subsection.4.2.2}{\376\377\000C\000o\000n\000s\000t\000r\000u\000c\000t\000o\000r\000\040\000\046\000\040\000D\000e\000s\000t\000r\000u\000c\000t\000o\000r\000\040\000D\000o\000c\000u\000m\000e\000n\000t\000a\000t\000i\000o\000n}{section.4.2}% 20
\BOOKMARK [3][-]{subsubsection.4.2.2.1}{\376\377\000A\000c\000c\000d\000S\000p\000h\000e\000r\000i\000c\000a\000l\000G\000u}{subsection.4.2.2}% 21
\BOOKMARK [3][-]{subsubsection.4.2.2.2}{\376\377\000A\000c\000c\000d\000S\000p\000h\000e\000r\000i\000c\000a\000l\000G\000u}{subsection.4.2.2}% 22
\BOOKMARK [2][-]{subsection.4.2.3}{\376\377\000M\000e\000m\000b\000e\000r\000\040\000F\000u\000n\000c\000t\000i\000o\000n\000\040\000D\000o\000c\000u\000m\000e\000n\000t\000a\000t\000i\000o\000n}{section.4.2}% 23
\BOOKMARK [3][-]{subsubsection.4.2.3.1}{\376\377\000g\000e\000t\000v\000e\000x\000t}{subsection.4.2.3}% 24
\BOOKMARK [3][-]{subsubsection.4.2.3.2}{\376\377\000p\000r\000i\000n\000t\000I\000n\000f\000o}{subsection.4.2.3}% 25
\BOOKMARK [3][-]{subsubsection.4.2.3.3}{\376\377\000s\000e\000t\000R\000a\000d\000i\000u\000s}{subsection.4.2.3}% 26
\BOOKMARK [3][-]{subsubsection.4.2.3.4}{\376\377\000u\000p\000d\000a\000t\000e}{subsection.4.2.3}% 27
\BOOKMARK [1][-]{section.4.3}{\376\377\000b\000a\000s\000e\000C\000l\000a\000s\000s\000\040\000C\000l\000a\000s\000s\000\040\000R\000e\000f\000e\000r\000e\000n\000c\000e}{chapter.4}% 28
\BOOKMARK [2][-]{subsection.4.3.1}{\376\377\000D\000e\000t\000a\000i\000l\000e\000d\000\040\000D\000e\000s\000c\000r\000i\000p\000t\000i\000o\000n}{section.4.3}% 29
\BOOKMARK [2][-]{subsection.4.3.2}{\376\377\000M\000e\000m\000b\000e\000r\000\040\000F\000u\000n\000c\000t\000i\000o\000n\000\040\000D\000o\000c\000u\000m\000e\000n\000t\000a\000t\000i\000o\000n}{section.4.3}% 30
\BOOKMARK [3][-]{subsubsection.4.3.2.1}{\376\377\000b\000e\000t\000a}{subsection.4.3.2}% 31
\BOOKMARK [3][-]{subsubsection.4.3.2.2}{\376\377\000g\000e\000t\000N}{subsection.4.3.2}% 32
\BOOKMARK [3][-]{subsubsection.4.3.2.3}{\376\377\000p\000r\000i\000n\000t\000I\000n\000f\000o}{subsection.4.3.2}% 33
\BOOKMARK [3][-]{subsubsection.4.3.2.4}{\376\377\000w\000h\000o\000A\000m\000I}{subsection.4.3.2}% 34
\BOOKMARK [2][-]{subsection.4.3.3}{\376\377\000M\000e\000m\000b\000e\000r\000\040\000D\000a\000t\000a\000\040\000D\000o\000c\000u\000m\000e\000n\000t\000a\000t\000i\000o\000n}{section.4.3}% 35
\BOOKMARK [3][-]{subsubsection.4.3.3.1}{\376\377\000c\000f\000g}{subsection.4.3.3}% 36
\BOOKMARK [3][-]{subsubsection.4.3.3.2}{\376\377\000i\000d}{subsection.4.3.3}% 37
\BOOKMARK [3][-]{subsubsection.4.3.3.3}{\376\377\000N}{subsection.4.3.3}% 38
\BOOKMARK [3][-]{subsubsection.4.3.3.4}{\376\377\000r}{subsection.4.3.3}% 39
\BOOKMARK [1][-]{section.4.4}{\376\377\000B\000l\000r\000P\000l\000a\000n\000a\000r\000\040\000C\000l\000a\000s\000s\000\040\000R\000e\000f\000e\000r\000e\000n\000c\000e}{chapter.4}% 40
\BOOKMARK [2][-]{subsection.4.4.1}{\376\377\000D\000e\000t\000a\000i\000l\000e\000d\000\040\000D\000e\000s\000c\000r\000i\000p\000t\000i\000o\000n}{section.4.4}% 41
\BOOKMARK [2][-]{subsection.4.4.2}{\376\377\000C\000o\000n\000s\000t\000r\000u\000c\000t\000o\000r\000\040\000\046\000\040\000D\000e\000s\000t\000r\000u\000c\000t\000o\000r\000\040\000D\000o\000c\000u\000m\000e\000n\000t\000a\000t\000i\000o\000n}{section.4.4}% 42
\BOOKMARK [3][-]{subsubsection.4.4.2.1}{\376\377\000B\000l\000r\000P\000l\000a\000n\000a\000r}{subsection.4.4.2}% 43
\BOOKMARK [3][-]{subsubsection.4.4.2.2}{\376\377\000B\000l\000r\000P\000l\000a\000n\000a\000r}{subsection.4.4.2}% 44
\BOOKMARK [2][-]{subsection.4.4.3}{\376\377\000M\000e\000m\000b\000e\000r\000\040\000F\000u\000n\000c\000t\000i\000o\000n\000\040\000D\000o\000c\000u\000m\000e\000n\000t\000a\000t\000i\000o\000n}{section.4.4}% 45
\BOOKMARK [3][-]{subsubsection.4.4.3.1}{\376\377\000g\000e\000t\000v\000e\000x\000t}{subsection.4.4.3}% 46
\BOOKMARK [3][-]{subsubsection.4.4.3.2}{\376\377\000p\000r\000i\000n\000t\000I\000n\000f\000o}{subsection.4.4.3}% 47
\BOOKMARK [3][-]{subsubsection.4.4.3.3}{\376\377\000s\000e\000t\000d\000L\000d\000R}{subsection.4.4.3}% 48
\BOOKMARK [3][-]{subsubsection.4.4.3.4}{\376\377\000s\000e\000t\000R\000a\000d\000i\000u\000s}{subsection.4.4.3}% 49
\BOOKMARK [1][-]{section.4.5}{\376\377\000B\000l\000r\000S\000p\000h\000e\000r\000i\000c\000a\000l\000\040\000C\000l\000a\000s\000s\000\040\000R\000e\000f\000e\000r\000e\000n\000c\000e}{chapter.4}% 50
\BOOKMARK [2][-]{subsection.4.5.1}{\376\377\000D\000e\000t\000a\000i\000l\000e\000d\000\040\000D\000e\000s\000c\000r\000i\000p\000t\000i\000o\000n}{section.4.5}% 51
\BOOKMARK [2][-]{subsection.4.5.2}{\376\377\000C\000o\000n\000s\000t\000r\000u\000c\000t\000o\000r\000\040\000\046\000\040\000D\000e\000s\000t\000r\000u\000c\000t\000o\000r\000\040\000D\000o\000c\000u\000m\000e\000n\000t\000a\000t\000i\000o\000n}{section.4.5}% 52
\BOOKMARK [3][-]{subsubsection.4.5.2.1}{\376\377\000B\000l\000r\000S\000p\000h\000e\000r\000i\000c\000a\000l}{subsection.4.5.2}% 53
\BOOKMARK [3][-]{subsubsection.4.5.2.2}{\376\377\000B\000l\000r\000S\000p\000h\000e\000r\000i\000c\000a\000l}{subsection.4.5.2}% 54
\BOOKMARK [2][-]{subsection.4.5.3}{\376\377\000M\000e\000m\000b\000e\000r\000\040\000F\000u\000n\000c\000t\000i\000o\000n\000\040\000D\000o\000c\000u\000m\000e\000n\000t\000a\000t\000i\000o\000n}{section.4.5}% 55
\BOOKMARK [3][-]{subsubsection.4.5.3.1}{\376\377\000g\000e\000t\000v\000e\000x\000t}{subsection.4.5.3}% 56
\BOOKMARK [3][-]{subsubsection.4.5.3.2}{\376\377\000p\000r\000i\000n\000t\000I\000n\000f\000o}{subsection.4.5.3}% 57
\BOOKMARK [3][-]{subsubsection.4.5.3.3}{\376\377\000s\000e\000t\000R\000a\000d\000i\000u\000s}{subsection.4.5.3}% 58
\BOOKMARK [3][-]{subsubsection.4.5.3.4}{\376\377\000u\000p\000d\000a\000t\000e}{subsection.4.5.3}% 59
\BOOKMARK [1][-]{section.4.6}{\376\377\000B\000l\000r\000S\000p\000h\000e\000r\000i\000c\000a\000l\000G\000u\000\040\000C\000l\000a\000s\000s\000\040\000R\000e\000f\000e\000r\000e\000n\000c\000e}{chapter.4}% 60
\BOOKMARK [2][-]{subsection.4.6.1}{\376\377\000D\000e\000t\000a\000i\000l\000e\000d\000\040\000D\000e\000s\000c\000r\000i\000p\000t\000i\000o\000n}{section.4.6}% 61
\BOOKMARK [2][-]{subsection.4.6.2}{\376\377\000C\000o\000n\000s\000t\000r\000u\000c\000t\000o\000r\000\040\000\046\000\040\000D\000e\000s\000t\000r\000u\000c\000t\000o\000r\000\040\000D\000o\000c\000u\000m\000e\000n\000t\000a\000t\000i\000o\000n}{section.4.6}% 62
\BOOKMARK [3][-]{subsubsection.4.6.2.1}{\376\377\000B\000l\000r\000S\000p\000h\000e\000r\000i\000c\000a\000l\000G\000u}{subsection.4.6.2}% 63
\BOOKMARK [3][-]{subsubsection.4.6.2.2}{\376\377\000B\000l\000r\000S\000p\000h\000e\000r\000i\000c\000a\000l\000G\000u}{subsection.4.6.2}% 64
\BOOKMARK [2][-]{subsection.4.6.3}{\376\377\000M\000e\000m\000b\000e\000r\000\040\000F\000u\000n\000c\000t\000i\000o\000n\000\040\000D\000o\000c\000u\000m\000e\000n\000t\000a\000t\000i\000o\000n}{section.4.6}% 65
\BOOKMARK [3][-]{subsubsection.4.6.3.1}{\376\377\000g\000e\000t\000v\000e\000x\000t}{subsection.4.6.3}% 66
\BOOKMARK [3][-]{subsubsection.4.6.3.2}{\376\377\000p\000r\000i\000n\000t\000I\000n\000f\000o}{subsection.4.6.3}% 67
\BOOKMARK [3][-]{subsubsection.4.6.3.3}{\376\377\000s\000e\000t\000R\000a\000d\000i\000u\000s}{subsection.4.6.3}% 68
\BOOKMARK [3][-]{subsubsection.4.6.3.4}{\376\377\000u\000p\000d\000a\000t\000e}{subsection.4.6.3}% 69
\BOOKMARK [1][-]{section.4.7}{\376\377\000D\000t\000P\000l\000a\000n\000a\000r\000\040\000C\000l\000a\000s\000s\000\040\000R\000e\000f\000e\000r\000e\000n\000c\000e}{chapter.4}% 70
\BOOKMARK [2][-]{subsection.4.7.1}{\376\377\000C\000o\000n\000s\000t\000r\000u\000c\000t\000o\000r\000\040\000\046\000\040\000D\000e\000s\000t\000r\000u\000c\000t\000o\000r\000\040\000D\000o\000c\000u\000m\000e\000n\000t\000a\000t\000i\000o\000n}{section.4.7}% 71
\BOOKMARK [3][-]{subsubsection.4.7.1.1}{\376\377\000D\000t\000P\000l\000a\000n\000a\000r}{subsection.4.7.1}% 72
\BOOKMARK [3][-]{subsubsection.4.7.1.2}{\376\377\000D\000t\000P\000l\000a\000n\000a\000r}{subsection.4.7.1}% 73
\BOOKMARK [2][-]{subsection.4.7.2}{\376\377\000M\000e\000m\000b\000e\000r\000\040\000F\000u\000n\000c\000t\000i\000o\000n\000\040\000D\000o\000c\000u\000m\000e\000n\000t\000a\000t\000i\000o\000n}{section.4.7}% 74
\BOOKMARK [3][-]{subsubsection.4.7.2.1}{\376\377\000g\000e\000t\000v\000e\000x\000t}{subsection.4.7.2}% 75
\BOOKMARK [3][-]{subsubsection.4.7.2.2}{\376\377\000p\000r\000i\000n\000t\000I\000n\000f\000o}{subsection.4.7.2}% 76
\BOOKMARK [3][-]{subsubsection.4.7.2.3}{\376\377\000s\000e\000t\000d\000L\000d\000R}{subsection.4.7.2}% 77
\BOOKMARK [3][-]{subsubsection.4.7.2.4}{\376\377\000s\000e\000t\000R\000a\000d\000i\000u\000s}{subsection.4.7.2}% 78
\BOOKMARK [1][-]{section.4.8}{\376\377\000D\000t\000S\000p\000h\000e\000r\000i\000c\000a\000l\000\040\000C\000l\000a\000s\000s\000\040\000R\000e\000f\000e\000r\000e\000n\000c\000e}{chapter.4}% 79
\BOOKMARK [2][-]{subsection.4.8.1}{\376\377\000D\000e\000t\000a\000i\000l\000e\000d\000\040\000D\000e\000s\000c\000r\000i\000p\000t\000i\000o\000n}{section.4.8}% 80
\BOOKMARK [2][-]{subsection.4.8.2}{\376\377\000C\000o\000n\000s\000t\000r\000u\000c\000t\000o\000r\000\040\000\046\000\040\000D\000e\000s\000t\000r\000u\000c\000t\000o\000r\000\040\000D\000o\000c\000u\000m\000e\000n\000t\000a\000t\000i\000o\000n}{section.4.8}% 81
\BOOKMARK [3][-]{subsubsection.4.8.2.1}{\376\377\000D\000t\000S\000p\000h\000e\000r\000i\000c\000a\000l}{subsection.4.8.2}% 82
\BOOKMARK [3][-]{subsubsection.4.8.2.2}{\376\377\000D\000t\000S\000p\000h\000e\000r\000i\000c\000a\000l}{subsection.4.8.2}% 83
\BOOKMARK [2][-]{subsection.4.8.3}{\376\377\000M\000e\000m\000b\000e\000r\000\040\000F\000u\000n\000c\000t\000i\000o\000n\000\040\000D\000o\000c\000u\000m\000e\000n\000t\000a\000t\000i\000o\000n}{section.4.8}% 84
\BOOKMARK [3][-]{subsubsection.4.8.3.1}{\376\377\000g\000e\000t\000v\000e\000x\000t}{subsection.4.8.3}% 85
\BOOKMARK [3][-]{subsubsection.4.8.3.2}{\376\377\000p\000r\000i\000n\000t\000I\000n\000f\000o}{subsection.4.8.3}% 86
\BOOKMARK [3][-]{subsubsection.4.8.3.3}{\376\377\000s\000e\000t\000R\000a\000d\000i\000u\000s}{subsection.4.8.3}% 87
\BOOKMARK [3][-]{subsubsection.4.8.3.4}{\376\377\000u\000p\000d\000a\000t\000e}{subsection.4.8.3}% 88
\BOOKMARK [1][-]{section.4.9}{\376\377\000D\000t\000S\000p\000h\000e\000r\000i\000c\000a\000l\000G\000u\000\040\000C\000l\000a\000s\000s\000\040\000R\000e\000f\000e\000r\000e\000n\000c\000e}{chapter.4}% 89
\BOOKMARK [2][-]{subsection.4.9.1}{\376\377\000D\000e\000t\000a\000i\000l\000e\000d\000\040\000D\000e\000s\000c\000r\000i\000p\000t\000i\000o\000n}{section.4.9}% 90
\BOOKMARK [2][-]{subsection.4.9.2}{\376\377\000C\000o\000n\000s\000t\000r\000u\000c\000t\000o\000r\000\040\000\046\000\040\000D\000e\000s\000t\000r\000u\000c\000t\000o\000r\000\040\000D\000o\000c\000u\000m\000e\000n\000t\000a\000t\000i\000o\000n}{section.4.9}% 91
\BOOKMARK [3][-]{subsubsection.4.9.2.1}{\376\377\000D\000t\000S\000p\000h\000e\000r\000i\000c\000a\000l\000G\000u}{subsection.4.9.2}% 92
\BOOKMARK [3][-]{subsubsection.4.9.2.2}{\376\377\000D\000t\000S\000p\000h\000e\000r\000i\000c\000a\000l\000G\000u}{subsection.4.9.2}% 93
\BOOKMARK [2][-]{subsection.4.9.3}{\376\377\000M\000e\000m\000b\000e\000r\000\040\000F\000u\000n\000c\000t\000i\000o\000n\000\040\000D\000o\000c\000u\000m\000e\000n\000t\000a\000t\000i\000o\000n}{section.4.9}% 94
\BOOKMARK [3][-]{subsubsection.4.9.3.1}{\376\377\000g\000e\000t\000v\000e\000x\000t}{subsection.4.9.3}% 95
\BOOKMARK [3][-]{subsubsection.4.9.3.2}{\376\377\000p\000r\000i\000n\000t\000I\000n\000f\000o}{subsection.4.9.3}% 96
\BOOKMARK [3][-]{subsubsection.4.9.3.3}{\376\377\000s\000e\000t\000R\000a\000d\000i\000u\000s}{subsection.4.9.3}% 97
\BOOKMARK [3][-]{subsubsection.4.9.3.4}{\376\377\000u\000p\000d\000a\000t\000e}{subsection.4.9.3}% 98
\BOOKMARK [1][-]{section.4.10}{\376\377\000e\000l\000e\000c\000t\000r\000o\000n\000s\000\040\000C\000l\000a\000s\000s\000\040\000R\000e\000f\000e\000r\000e\000n\000c\000e}{chapter.4}% 99
\BOOKMARK [2][-]{subsection.4.10.1}{\376\377\000D\000e\000t\000a\000i\000l\000e\000d\000\040\000D\000e\000s\000c\000r\000i\000p\000t\000i\000o\000n}{section.4.10}% 100
\BOOKMARK [2][-]{subsection.4.10.2}{\376\377\000C\000o\000n\000s\000t\000r\000u\000c\000t\000o\000r\000\040\000\046\000\040\000D\000e\000s\000t\000r\000u\000c\000t\000o\000r\000\040\000D\000o\000c\000u\000m\000e\000n\000t\000a\000t\000i\000o\000n}{section.4.10}% 101
\BOOKMARK [3][-]{subsubsection.4.10.2.1}{\376\377\000e\000l\000e\000c\000t\000r\000o\000n\000s}{subsection.4.10.2}% 102
\BOOKMARK [3][-]{subsubsection.4.10.2.2}{\376\377\000e\000l\000e\000c\000t\000r\000o\000n\000s}{subsection.4.10.2}% 103
\BOOKMARK [2][-]{subsection.4.10.3}{\376\377\000M\000e\000m\000b\000e\000r\000\040\000F\000u\000n\000c\000t\000i\000o\000n\000\040\000D\000o\000c\000u\000m\000e\000n\000t\000a\000t\000i\000o\000n}{section.4.10}% 104
\BOOKMARK [3][-]{subsubsection.4.10.3.1}{\376\377\000a\000d\000d\000E\000n\000D\000i\000s\000s\000P\000r\000o\000c}{subsection.4.10.3}% 105
\BOOKMARK [3][-]{subsubsection.4.10.3.2}{\376\377\000a\000v\000g\000N\000g\000a\000m\000m\000a}{subsection.4.10.3}% 106
\BOOKMARK [3][-]{subsubsection.4.10.3.3}{\376\377\000b\000e\000t\000a}{subsection.4.10.3}% 107
\BOOKMARK [3][-]{subsubsection.4.10.3.4}{\376\377\000d\000g\000d\000r}{subsection.4.10.3}% 108
\BOOKMARK [3][-]{subsubsection.4.10.3.5}{\376\377\000e\000v\000o\000l\000v\000e}{subsection.4.10.3}% 109
\BOOKMARK [3][-]{subsubsection.4.10.3.6}{\376\377\000g\000a\000u\000s\000s}{subsection.4.10.3}% 110
\BOOKMARK [3][-]{subsubsection.4.10.3.7}{\376\377\000g\000a\000u\000s\000s\000m\000o\000d}{subsection.4.10.3}% 111
\BOOKMARK [3][-]{subsubsection.4.10.3.8}{\376\377\000g\000e\000t\000d\000L\000o\000g\000G\000a\000m\000m\000a}{subsection.4.10.3}% 112
\BOOKMARK [3][-]{subsubsection.4.10.3.9}{\376\377\000g\000e\000t\000G\000a\000m\000m\000a}{subsection.4.10.3}% 113
\BOOKMARK [3][-]{subsubsection.4.10.3.10}{\376\377\000g\000e\000t\000N\000g\000a\000m\000m\000a}{subsection.4.10.3}% 114
\BOOKMARK [3][-]{subsubsection.4.10.3.11}{\376\377\000i\000f\000E\000v\000o\000l}{subsection.4.10.3}% 115
\BOOKMARK [3][-]{subsubsection.4.10.3.12}{\376\377\000i\000n\000j\000e\000c\000t}{subsection.4.10.3}% 116
\BOOKMARK [3][-]{subsubsection.4.10.3.13}{\376\377\000l\000i\000s\000t\000E\000n\000D\000i\000s\000s\000P\000r\000o\000c}{subsection.4.10.3}% 117
\BOOKMARK [3][-]{subsubsection.4.10.3.14}{\376\377\000p\000r\000i\000n\000t\000C\000o\000o\000l\000i\000n\000g\000I\000n\000f\000o}{subsection.4.10.3}% 118
\BOOKMARK [3][-]{subsubsection.4.10.3.15}{\376\377\000p\000r\000i\000n\000t\000I\000n\000f\000o}{subsection.4.10.3}% 119
\BOOKMARK [3][-]{subsubsection.4.10.3.16}{\376\377\000s\000a\000v\000e\000I\000n\000j\000e\000c\000t\000i\000o\000n}{subsection.4.10.3}% 120
\BOOKMARK [3][-]{subsubsection.4.10.3.17}{\376\377\000s\000a\000v\000e\000N\000g\000a\000m\000m\000a}{subsection.4.10.3}% 121
\BOOKMARK [3][-]{subsubsection.4.10.3.18}{\376\377\000s\000a\000v\000e\000N\000g\000a\000m\000m\000a\000A\000v\000g}{subsection.4.10.3}% 122
\BOOKMARK [3][-]{subsubsection.4.10.3.19}{\376\377\000s\000e\000t\000E\000n\000e\000r\000g\000e\000t\000i\000c\000s}{subsection.4.10.3}% 123
\BOOKMARK [3][-]{subsubsection.4.10.3.20}{\376\377\000s\000e\000t\000I\000n\000j\000e\000c\000t\000i\000o\000n\000P\000a\000r\000a\000m\000e\000t\000e\000r\000s}{subsection.4.10.3}% 124
\BOOKMARK [3][-]{subsubsection.4.10.3.21}{\376\377\000t\000Q}{subsection.4.10.3}% 125
\BOOKMARK [3][-]{subsubsection.4.10.3.22}{\376\377\000t\000r\000i}{subsection.4.10.3}% 126
\BOOKMARK [2][-]{subsection.4.10.4}{\376\377\000M\000e\000m\000b\000e\000r\000\040\000D\000a\000t\000a\000\040\000D\000o\000c\000u\000m\000e\000n\000t\000a\000t\000i\000o\000n}{section.4.10}% 127
\BOOKMARK [3][-]{subsubsection.4.10.4.1}{\376\377\000A}{subsection.4.10.4}% 128
\BOOKMARK [3][-]{subsubsection.4.10.4.2}{\376\377\000E\000n\000D\000i\000s\000s\000P\000r\000o\000c}{subsection.4.10.4}% 129
\BOOKMARK [3][-]{subsubsection.4.10.4.3}{\376\377\000g\000a\000m\000m\000a}{subsection.4.10.4}% 130
\BOOKMARK [1][-]{section.4.11}{\376\377\000e\000n\000e\000r\000g\000y\000D\000i\000s\000s\000P\000r\000o\000c\000\040\000C\000l\000a\000s\000s\000\040\000R\000e\000f\000e\000r\000e\000n\000c\000e}{chapter.4}% 131
\BOOKMARK [2][-]{subsection.4.11.1}{\376\377\000D\000e\000t\000a\000i\000l\000e\000d\000\040\000D\000e\000s\000c\000r\000i\000p\000t\000i\000o\000n}{section.4.11}% 132
\BOOKMARK [2][-]{subsection.4.11.2}{\376\377\000C\000o\000n\000s\000t\000r\000u\000c\000t\000o\000r\000\040\000\046\000\040\000D\000e\000s\000t\000r\000u\000c\000t\000o\000r\000\040\000D\000o\000c\000u\000m\000e\000n\000t\000a\000t\000i\000o\000n}{section.4.11}% 133
\BOOKMARK [3][-]{subsubsection.4.11.2.1}{\376\377\000e\000n\000e\000r\000g\000y\000D\000i\000s\000s\000P\000r\000o\000c}{subsection.4.11.2}% 134
\BOOKMARK [3][-]{subsubsection.4.11.2.2}{\376\377\000e\000n\000e\000r\000g\000y\000D\000i\000s\000s\000P\000r\000o\000c}{subsection.4.11.2}% 135
\BOOKMARK [2][-]{subsection.4.11.3}{\376\377\000M\000e\000m\000b\000e\000r\000\040\000F\000u\000n\000c\000t\000i\000o\000n\000\040\000D\000o\000c\000u\000m\000e\000n\000t\000a\000t\000i\000o\000n}{section.4.11}% 136
\BOOKMARK [3][-]{subsubsection.4.11.3.1}{\376\377\000c\000a\000l\000c\000u\000l\000a\000t\000e\000L\000p\000v}{subsection.4.11.3}% 137
\BOOKMARK [3][-]{subsubsection.4.11.3.2}{\376\377\000d\000o\000t\000g}{subsection.4.11.3}% 138
\BOOKMARK [3][-]{subsubsection.4.11.3.3}{\376\377\000g\000e\000t\000d\000L\000o\000g\000E}{subsection.4.11.3}% 139
\BOOKMARK [3][-]{subsubsection.4.11.3.4}{\376\377\000p\000r\000i\000n\000t\000\137\000K\000N\000\137\000i\000n\000f\000o}{subsection.4.11.3}% 140
\BOOKMARK [3][-]{subsubsection.4.11.3.5}{\376\377\000p\000r\000i\000n\000t\000I\000n\000f\000o}{subsection.4.11.3}% 141
\BOOKMARK [3][-]{subsubsection.4.11.3.6}{\376\377\000s\000a\000v\000e\000L\000u\000m\000i\000n\000o\000s\000i\000t\000y}{subsection.4.11.3}% 142
\BOOKMARK [3][-]{subsubsection.4.11.3.7}{\376\377\000s\000a\000v\000e\000U\000p\000e\000R}{subsection.4.11.3}% 143
\BOOKMARK [3][-]{subsubsection.4.11.3.8}{\376\377\000s\000e\000t\000\137\000K\000N\000\137\000i\000n\000f\000o}{subsection.4.11.3}% 144
\BOOKMARK [3][-]{subsubsection.4.11.3.9}{\376\377\000s\000e\000t\000L\000p\000v}{subsection.4.11.3}% 145
\BOOKMARK [3][-]{subsubsection.4.11.3.10}{\376\377\000u\000p\000d\000a\000t\000e}{subsection.4.11.3}% 146
\BOOKMARK [2][-]{subsection.4.11.4}{\376\377\000M\000e\000m\000b\000e\000r\000\040\000D\000a\000t\000a\000\040\000D\000o\000c\000u\000m\000e\000n\000t\000a\000t\000i\000o\000n}{section.4.11}% 147
\BOOKMARK [3][-]{subsubsection.4.11.4.1}{\376\377\000d\000L\000o\000g\000E}{subsection.4.11.4}% 148
\BOOKMARK [3][-]{subsubsection.4.11.4.2}{\376\377\000e\000l\000e}{subsection.4.11.4}% 149
\BOOKMARK [3][-]{subsubsection.4.11.4.3}{\376\377\000e\000p}{subsection.4.11.4}% 150
\BOOKMARK [3][-]{subsubsection.4.11.4.4}{\376\377\000e\000p\000M\000i\000n}{subsection.4.11.4}% 151
\BOOKMARK [3][-]{subsubsection.4.11.4.5}{\376\377\000f\000l\000a\000g\000\137\000u\000p\000e\000\137\000r}{subsection.4.11.4}% 152
\BOOKMARK [3][-]{subsubsection.4.11.4.6}{\376\377\000g\000a\000m\000m\000a\000K\000N}{subsection.4.11.4}% 153
\BOOKMARK [3][-]{subsubsection.4.11.4.7}{\376\377\000i\000n\000j\000R\000m}{subsection.4.11.4}% 154
\BOOKMARK [3][-]{subsubsection.4.11.4.8}{\376\377\000L\000p\000v}{subsection.4.11.4}% 155
\BOOKMARK [3][-]{subsubsection.4.11.4.9}{\376\377\000l\000u\000m\000i\000n\000o\000s\000i\000t\000y\000C\000o\000n\000s\000t\000N\000u}{subsection.4.11.4}% 156
\BOOKMARK [3][-]{subsubsection.4.11.4.10}{\376\377\000l\000u\000m\000i\000n\000o\000s\000i\000t\000y\000C\000o\000n\000s\000t\000U}{subsection.4.11.4}% 157
\BOOKMARK [3][-]{subsubsection.4.11.4.11}{\376\377\000L\000v\000P\000o\000i\000n\000t}{subsection.4.11.4}% 158
\BOOKMARK [3][-]{subsubsection.4.11.4.12}{\376\377\000L\000v\000P\000o\000i\000n\000t\000A\000v\000g}{subsection.4.11.4}% 159
\BOOKMARK [3][-]{subsubsection.4.11.4.13}{\376\377\000u\000p\000e}{subsection.4.11.4}% 160
\BOOKMARK [3][-]{subsubsection.4.11.4.14}{\376\377\000u\000p\000e\000\137\000r}{subsection.4.11.4}% 161
\BOOKMARK [3][-]{subsubsection.4.11.4.15}{\376\377\000v\000p}{subsection.4.11.4}% 162
\BOOKMARK [3][-]{subsubsection.4.11.4.16}{\376\377\000v\000p\000M\000i\000n}{subsection.4.11.4}% 163
\BOOKMARK [3][-]{subsubsection.4.11.4.17}{\376\377\000v\000P\000o\000i\000n\000t}{subsection.4.11.4}% 164
\BOOKMARK [1][-]{section.4.12}{\376\377\000e\000x\000t\000e\000r\000n\000a\000l\000R\000a\000d\000i\000a\000t\000i\000o\000n\000\040\000C\000l\000a\000s\000s\000\040\000R\000e\000f\000e\000r\000e\000n\000c\000e}{chapter.4}% 165
\BOOKMARK [2][-]{subsection.4.12.1}{\376\377\000M\000e\000m\000b\000e\000r\000\040\000F\000u\000n\000c\000t\000i\000o\000n\000\040\000D\000o\000c\000u\000m\000e\000n\000t\000a\000t\000i\000o\000n}{section.4.12}% 166
\BOOKMARK [3][-]{subsubsection.4.12.1.1}{\376\377\000d\000o\000t\000g}{subsection.4.12.1}% 167
\BOOKMARK [3][-]{subsubsection.4.12.1.2}{\376\377\000p\000r\000i\000n\000t\000I\000n\000f\000o}{subsection.4.12.1}% 168
\BOOKMARK [3][-]{subsubsection.4.12.1.3}{\376\377\000s\000e\000t\000L\000p\000v}{subsection.4.12.1}% 169
\BOOKMARK [3][-]{subsubsection.4.12.1.4}{\376\377\000u\000p\000d\000a\000t\000e}{subsection.4.12.1}% 170
\BOOKMARK [1][-]{section.4.13}{\376\377\000e\000x\000t\000e\000r\000n\000a\000l\000R\000a\000d\000i\000a\000t\000i\000o\000n\000G\000u\000\040\000C\000l\000a\000s\000s\000\040\000R\000e\000f\000e\000r\000e\000n\000c\000e}{chapter.4}% 171
\BOOKMARK [2][-]{subsection.4.13.1}{\376\377\000D\000e\000t\000a\000i\000l\000e\000d\000\040\000D\000e\000s\000c\000r\000i\000p\000t\000i\000o\000n}{section.4.13}% 172
\BOOKMARK [2][-]{subsection.4.13.2}{\376\377\000C\000o\000n\000s\000t\000r\000u\000c\000t\000o\000r\000\040\000\046\000\040\000D\000e\000s\000t\000r\000u\000c\000t\000o\000r\000\040\000D\000o\000c\000u\000m\000e\000n\000t\000a\000t\000i\000o\000n}{section.4.13}% 173
\BOOKMARK [3][-]{subsubsection.4.13.2.1}{\376\377\000e\000x\000t\000e\000r\000n\000a\000l\000R\000a\000d\000i\000a\000t\000i\000o\000n\000G\000u}{subsection.4.13.2}% 174
\BOOKMARK [3][-]{subsubsection.4.13.2.2}{\376\377\000e\000x\000t\000e\000r\000n\000a\000l\000R\000a\000d\000i\000a\000t\000i\000o\000n\000G\000u}{subsection.4.13.2}% 175
\BOOKMARK [2][-]{subsection.4.13.3}{\376\377\000M\000e\000m\000b\000e\000r\000\040\000F\000u\000n\000c\000t\000i\000o\000n\000\040\000D\000o\000c\000u\000m\000e\000n\000t\000a\000t\000i\000o\000n}{section.4.13}% 176
\BOOKMARK [3][-]{subsubsection.4.13.3.1}{\376\377\000c\000a\000l\000c\000u\000l\000a\000t\000e\000L\000p\000v}{subsection.4.13.3}% 177
\BOOKMARK [3][-]{subsubsection.4.13.3.2}{\376\377\000d\000o\000t\000g}{subsection.4.13.3}% 178
\BOOKMARK [3][-]{subsubsection.4.13.3.3}{\376\377\000g\000e\000t\000v\000e\000x\000t}{subsection.4.13.3}% 179
\BOOKMARK [3][-]{subsubsection.4.13.3.4}{\376\377\000p\000r\000i\000n\000t\000I\000n\000f\000o}{subsection.4.13.3}% 180
\BOOKMARK [3][-]{subsubsection.4.13.3.5}{\376\377\000s\000e\000t\000L\000p\000v}{subsection.4.13.3}% 181
\BOOKMARK [3][-]{subsubsection.4.13.3.6}{\376\377\000s\000e\000t\000R\000a\000d\000i\000u\000s}{subsection.4.13.3}% 182
\BOOKMARK [3][-]{subsubsection.4.13.3.7}{\376\377\000u\000p\000d\000a\000t\000e}{subsection.4.13.3}% 183
\BOOKMARK [1][-]{section.4.14}{\376\377\000e\000x\000t\000e\000r\000n\000a\000l\000R\000a\000d\000i\000a\000t\000i\000o\000n\000P\000l\000a\000n\000a\000r\000\040\000C\000l\000a\000s\000s\000\040\000R\000e\000f\000e\000r\000e\000n\000c\000e}{chapter.4}% 184
\BOOKMARK [2][-]{subsection.4.14.1}{\376\377\000D\000e\000t\000a\000i\000l\000e\000d\000\040\000D\000e\000s\000c\000r\000i\000p\000t\000i\000o\000n}{section.4.14}% 185
\BOOKMARK [2][-]{subsection.4.14.2}{\376\377\000C\000o\000n\000s\000t\000r\000u\000c\000t\000o\000r\000\040\000\046\000\040\000D\000e\000s\000t\000r\000u\000c\000t\000o\000r\000\040\000D\000o\000c\000u\000m\000e\000n\000t\000a\000t\000i\000o\000n}{section.4.14}% 186
\BOOKMARK [3][-]{subsubsection.4.14.2.1}{\376\377\000e\000x\000t\000e\000r\000n\000a\000l\000R\000a\000d\000i\000a\000t\000i\000o\000n\000P\000l\000a\000n\000a\000r}{subsection.4.14.2}% 187
\BOOKMARK [3][-]{subsubsection.4.14.2.2}{\376\377\000e\000x\000t\000e\000r\000n\000a\000l\000R\000a\000d\000i\000a\000t\000i\000o\000n\000P\000l\000a\000n\000a\000r}{subsection.4.14.2}% 188
\BOOKMARK [2][-]{subsection.4.14.3}{\376\377\000M\000e\000m\000b\000e\000r\000\040\000F\000u\000n\000c\000t\000i\000o\000n\000\040\000D\000o\000c\000u\000m\000e\000n\000t\000a\000t\000i\000o\000n}{section.4.14}% 189
\BOOKMARK [3][-]{subsubsection.4.14.3.1}{\376\377\000c\000a\000l\000c\000u\000l\000a\000t\000e\000L\000p\000v}{subsection.4.14.3}% 190
\BOOKMARK [3][-]{subsubsection.4.14.3.2}{\376\377\000c\000a\000l\000c\000u\000l\000a\000t\000e\000U\000p\000e\000A\000p\000p\000r\000o\000x}{subsection.4.14.3}% 191
\BOOKMARK [3][-]{subsubsection.4.14.3.3}{\376\377\000c\000a\000l\000c\000u\000l\000a\000t\000e\000U\000p\000e\000F\000u\000l\000l}{subsection.4.14.3}% 192
\BOOKMARK [3][-]{subsubsection.4.14.3.4}{\376\377\000c\000t\000a\000u}{subsection.4.14.3}% 193
\BOOKMARK [3][-]{subsubsection.4.14.3.5}{\376\377\000d\000o\000t\000g}{subsection.4.14.3}% 194
\BOOKMARK [3][-]{subsubsection.4.14.3.6}{\376\377\000f\000s\000c\000\137\000i\000n\000t\000e\000g\000r\000a\000l}{subsection.4.14.3}% 195
\BOOKMARK [3][-]{subsubsection.4.14.3.7}{\376\377\000f\000u\000n\000c\000t\000i\000o\000n\000\137\000l\000u\000m}{subsection.4.14.3}% 196
\BOOKMARK [3][-]{subsubsection.4.14.3.8}{\376\377\000f\000u\000n\000c\000t\000i\000o\000n\000\137\000u\000p\000e}{subsection.4.14.3}% 197
\BOOKMARK [3][-]{subsubsection.4.14.3.9}{\376\377\000g\000e\000t\000d\000L\000d\000R}{subsection.4.14.3}% 198
\BOOKMARK [3][-]{subsubsection.4.14.3.10}{\376\377\000g\000e\000t\000R\000m}{subsection.4.14.3}% 199
\BOOKMARK [3][-]{subsubsection.4.14.3.11}{\376\377\000g\000e\000t\000R\000m\000V\000e\000c\000t\000o\000r}{subsection.4.14.3}% 200
\BOOKMARK [3][-]{subsubsection.4.14.3.12}{\376\377\000g\000e\000t\000v\000e\000x\000t}{subsection.4.14.3}% 201
\BOOKMARK [3][-]{subsubsection.4.14.3.13}{\376\377\000p\000r\000i\000n\000t\000I\000n\000f\000o}{subsection.4.14.3}% 202
\BOOKMARK [3][-]{subsubsection.4.14.3.14}{\376\377\000s\000a\000v\000e\000R\000m\000V\000s\000R}{subsection.4.14.3}% 203
\BOOKMARK [3][-]{subsubsection.4.14.3.15}{\376\377\000s\000e\000t\000d\000L\000d\000R}{subsection.4.14.3}% 204
\BOOKMARK [3][-]{subsubsection.4.14.3.16}{\376\377\000s\000e\000t\000L\000p\000v}{subsection.4.14.3}% 205
\BOOKMARK [3][-]{subsubsection.4.14.3.17}{\376\377\000s\000e\000t\000R\000a\000d\000i\000u\000s}{subsection.4.14.3}% 206
\BOOKMARK [3][-]{subsubsection.4.14.3.18}{\376\377\000s\000e\000t\000R\000m}{subsection.4.14.3}% 207
\BOOKMARK [3][-]{subsubsection.4.14.3.19}{\376\377\000u\000p\000d\000a\000t\000e}{subsection.4.14.3}% 208
\BOOKMARK [1][-]{section.4.15}{\376\377\000e\000x\000t\000e\000r\000n\000a\000l\000R\000a\000d\000i\000a\000t\000i\000o\000n\000S\000p\000h\000e\000r\000i\000c\000a\000l\000\040\000C\000l\000a\000s\000s\000\040\000R\000e\000f\000e\000r\000e\000n\000c\000e}{chapter.4}% 209
\BOOKMARK [2][-]{subsection.4.15.1}{\376\377\000D\000e\000t\000a\000i\000l\000e\000d\000\040\000D\000e\000s\000c\000r\000i\000p\000t\000i\000o\000n}{section.4.15}% 210
\BOOKMARK [2][-]{subsection.4.15.2}{\376\377\000C\000o\000n\000s\000t\000r\000u\000c\000t\000o\000r\000\040\000\046\000\040\000D\000e\000s\000t\000r\000u\000c\000t\000o\000r\000\040\000D\000o\000c\000u\000m\000e\000n\000t\000a\000t\000i\000o\000n}{section.4.15}% 211
\BOOKMARK [3][-]{subsubsection.4.15.2.1}{\376\377\000e\000x\000t\000e\000r\000n\000a\000l\000R\000a\000d\000i\000a\000t\000i\000o\000n\000S\000p\000h\000e\000r\000i\000c\000a\000l}{subsection.4.15.2}% 212
\BOOKMARK [3][-]{subsubsection.4.15.2.2}{\376\377\000e\000x\000t\000e\000r\000n\000a\000l\000R\000a\000d\000i\000a\000t\000i\000o\000n\000S\000p\000h\000e\000r\000i\000c\000a\000l}{subsection.4.15.2}% 213
\BOOKMARK [2][-]{subsection.4.15.3}{\376\377\000M\000e\000m\000b\000e\000r\000\040\000F\000u\000n\000c\000t\000i\000o\000n\000\040\000D\000o\000c\000u\000m\000e\000n\000t\000a\000t\000i\000o\000n}{section.4.15}% 214
\BOOKMARK [3][-]{subsubsection.4.15.3.1}{\376\377\000c\000a\000l\000c\000u\000l\000a\000t\000e\000L\000p\000v}{subsection.4.15.3}% 215
\BOOKMARK [3][-]{subsubsection.4.15.3.2}{\376\377\000d\000o\000t\000g}{subsection.4.15.3}% 216
\BOOKMARK [3][-]{subsubsection.4.15.3.3}{\376\377\000g\000e\000t\000v\000e\000x\000t}{subsection.4.15.3}% 217
\BOOKMARK [3][-]{subsubsection.4.15.3.4}{\376\377\000p\000r\000i\000n\000t\000I\000n\000f\000o}{subsection.4.15.3}% 218
\BOOKMARK [3][-]{subsubsection.4.15.3.5}{\376\377\000s\000e\000t\000L\000p\000v}{subsection.4.15.3}% 219
\BOOKMARK [3][-]{subsubsection.4.15.3.6}{\376\377\000s\000e\000t\000R\000a\000d\000i\000u\000s}{subsection.4.15.3}% 220
\BOOKMARK [3][-]{subsubsection.4.15.3.7}{\376\377\000u\000p\000d\000a\000t\000e}{subsection.4.15.3}% 221
\BOOKMARK [1][-]{section.4.16}{\376\377\000g\000a\000m\000m\000a\000\137\000b\000r\000e\000a\000k\000\137\000p\000a\000r\000a\000m\000s\000\040\000S\000t\000r\000u\000c\000t\000\040\000R\000e\000f\000e\000r\000e\000n\000c\000e}{chapter.4}% 222
\BOOKMARK [1][-]{section.4.17}{\376\377\000j\000e\000t\000G\000e\000o\000m\000e\000t\000r\000y\000\040\000C\000l\000a\000s\000s\000\040\000R\000e\000f\000e\000r\000e\000n\000c\000e}{chapter.4}% 223
\BOOKMARK [1][-]{section.4.18}{\376\377\000l\000o\000g\000G\000e\000o\000m\000e\000t\000r\000y\000\040\000C\000l\000a\000s\000s\000\040\000R\000e\000f\000e\000r\000e\000n\000c\000e}{chapter.4}% 224
\BOOKMARK [1][-]{section.4.19}{\376\377\000m\000a\000g\000n\000e\000t\000i\000c\000F\000i\000e\000l\000d\000\040\000C\000l\000a\000s\000s\000\040\000R\000e\000f\000e\000r\000e\000n\000c\000e}{chapter.4}% 225
\BOOKMARK [2][-]{subsection.4.19.1}{\376\377\000D\000e\000t\000a\000i\000l\000e\000d\000\040\000D\000e\000s\000c\000r\000i\000p\000t\000i\000o\000n}{section.4.19}% 226
\BOOKMARK [2][-]{subsection.4.19.2}{\376\377\000C\000o\000n\000s\000t\000r\000u\000c\000t\000o\000r\000\040\000\046\000\040\000D\000e\000s\000t\000r\000u\000c\000t\000o\000r\000\040\000D\000o\000c\000u\000m\000e\000n\000t\000a\000t\000i\000o\000n}{section.4.19}% 227
\BOOKMARK [3][-]{subsubsection.4.19.2.1}{\376\377\000m\000a\000g\000n\000e\000t\000i\000c\000F\000i\000e\000l\000d}{subsection.4.19.2}% 228
\BOOKMARK [3][-]{subsubsection.4.19.2.2}{\376\377\000m\000a\000g\000n\000e\000t\000i\000c\000F\000i\000e\000l\000d}{subsection.4.19.2}% 229
\BOOKMARK [2][-]{subsection.4.19.3}{\376\377\000M\000e\000m\000b\000e\000r\000\040\000F\000u\000n\000c\000t\000i\000o\000n\000\040\000D\000o\000c\000u\000m\000e\000n\000t\000a\000t\000i\000o\000n}{section.4.19}% 230
\BOOKMARK [3][-]{subsubsection.4.19.3.1}{\376\377\000g\000e\000t\000\137\000u\000B}{subsection.4.19.3}% 231
\BOOKMARK [3][-]{subsubsection.4.19.3.2}{\376\377\000g\000e\000t\000\137\000u\000B}{subsection.4.19.3}% 232
\BOOKMARK [3][-]{subsubsection.4.19.3.3}{\376\377\000g\000e\000t\000B}{subsection.4.19.3}% 233
\BOOKMARK [3][-]{subsubsection.4.19.3.4}{\376\377\000g\000e\000t\000B}{subsection.4.19.3}% 234
\BOOKMARK [3][-]{subsubsection.4.19.3.5}{\376\377\000g\000e\000t\000M\000a\000x\000B}{subsection.4.19.3}% 235
\BOOKMARK [3][-]{subsubsection.4.19.3.6}{\376\377\000p\000r\000i\000n\000t\000I\000n\000f\000o}{subsection.4.19.3}% 236
\BOOKMARK [1][-]{section.4.20}{\376\377\000o\000b\000s\000e\000r\000v\000e\000r\000\040\000C\000l\000a\000s\000s\000\040\000R\000e\000f\000e\000r\000e\000n\000c\000e}{chapter.4}% 237
\BOOKMARK [2][-]{subsection.4.20.1}{\376\377\000D\000e\000t\000a\000i\000l\000e\000d\000\040\000D\000e\000s\000c\000r\000i\000p\000t\000i\000o\000n}{section.4.20}% 238
\BOOKMARK [2][-]{subsection.4.20.2}{\376\377\000C\000o\000n\000s\000t\000r\000u\000c\000t\000o\000r\000\040\000\046\000\040\000D\000e\000s\000t\000r\000u\000c\000t\000o\000r\000\040\000D\000o\000c\000u\000m\000e\000n\000t\000a\000t\000i\000o\000n}{section.4.20}% 239
\BOOKMARK [3][-]{subsubsection.4.20.2.1}{\376\377\000o\000b\000s\000e\000r\000v\000e\000r}{subsection.4.20.2}% 240
\BOOKMARK [3][-]{subsubsection.4.20.2.2}{\376\377\000o\000b\000s\000e\000r\000v\000e\000r}{subsection.4.20.2}% 241
\BOOKMARK [2][-]{subsection.4.20.3}{\376\377\000M\000e\000m\000b\000e\000r\000\040\000F\000u\000n\000c\000t\000i\000o\000n\000\040\000D\000o\000c\000u\000m\000e\000n\000t\000a\000t\000i\000o\000n}{section.4.20}% 242
\BOOKMARK [3][-]{subsubsection.4.20.3.1}{\376\377\000a\000d\000d\000E\000n\000D\000i\000s\000s\000P\000r\000o\000c}{subsection.4.20.3}% 243
\BOOKMARK [3][-]{subsubsection.4.20.3.2}{\376\377\000a\000d\000d\000E\000n\000D\000i\000s\000s\000P\000r\000o\000c\000P\000o\000i\000n\000t}{subsection.4.20.3}% 244
\BOOKMARK [3][-]{subsubsection.4.20.3.3}{\376\377\000a\000d\000d\000E\000x\000t\000G\000u}{subsection.4.20.3}% 245
\BOOKMARK [3][-]{subsubsection.4.20.3.4}{\376\377\000a\000d\000d\000E\000x\000t\000P\000l}{subsection.4.20.3}% 246
\BOOKMARK [3][-]{subsubsection.4.20.3.5}{\376\377\000a\000d\000d\000E\000x\000t\000S\000p}{subsection.4.20.3}% 247
\BOOKMARK [3][-]{subsubsection.4.20.3.6}{\376\377\000a\000d\000d\000Q\000A\000c\000c\000d\000L\000u\000m\000i\000n\000o\000s\000i\000t\000y}{subsection.4.20.3}% 248
\BOOKMARK [3][-]{subsubsection.4.20.3.7}{\376\377\000a\000v\000g\000P\000o\000i\000n\000t\000L\000u\000m\000i\000n\000o\000s\000i\000t\000y}{subsection.4.20.3}% 249
\BOOKMARK [3][-]{subsubsection.4.20.3.8}{\376\377\000c\000a\000l\000c\000u\000l\000a\000t\000e\000A\000l\000l\000F\000l\000a\000r\000e\000s}{subsection.4.20.3}% 250
\BOOKMARK [3][-]{subsubsection.4.20.3.9}{\376\377\000c\000a\000l\000c\000u\000l\000a\000t\000e\000F\000l\000a\000r\000e}{subsection.4.20.3}% 251
\BOOKMARK [3][-]{subsubsection.4.20.3.10}{\376\377\000c\000a\000l\000c\000u\000l\000a\000t\000e\000P\000o\000i\000n\000t\000L\000u\000m\000i\000n\000o\000s\000i\000t\000y}{subsection.4.20.3}% 252
\BOOKMARK [3][-]{subsubsection.4.20.3.11}{\376\377\000g\000e\000t\000F\000r\000e\000q\000L\000i\000s\000t}{subsection.4.20.3}% 253
\BOOKMARK [3][-]{subsubsection.4.20.3.12}{\376\377\000g\000e\000t\000F\000r\000e\000q\000L\000i\000s\000t\000S\000i\000z\000e}{subsection.4.20.3}% 254
\BOOKMARK [3][-]{subsubsection.4.20.3.13}{\376\377\000i\000f\000C\000a\000l\000c\000u\000l\000a\000t\000e\000F\000l\000a\000r\000e\000s}{subsection.4.20.3}% 255
\BOOKMARK [3][-]{subsubsection.4.20.3.14}{\376\377\000i\000n\000t\000e\000r\000p\000o\000l\000a\000t\000e}{subsection.4.20.3}% 256
\BOOKMARK [3][-]{subsubsection.4.20.3.15}{\376\377\000l\000i\000s\000t\000E\000n\000D\000i\000s\000s\000P\000r\000o\000c}{subsection.4.20.3}% 257
\BOOKMARK [3][-]{subsubsection.4.20.3.16}{\376\377\000l\000i\000s\000t\000E\000n\000D\000i\000s\000s\000P\000r\000o\000c\000P\000o\000i\000n\000t}{subsection.4.20.3}% 258
\BOOKMARK [3][-]{subsubsection.4.20.3.17}{\376\377\000l\000i\000s\000t\000E\000x\000t\000G\000u}{subsection.4.20.3}% 259
\BOOKMARK [3][-]{subsubsection.4.20.3.18}{\376\377\000l\000i\000s\000t\000E\000x\000t\000P\000l}{subsection.4.20.3}% 260
\BOOKMARK [3][-]{subsubsection.4.20.3.19}{\376\377\000l\000i\000s\000t\000E\000x\000t\000S\000p}{subsection.4.20.3}% 261
\BOOKMARK [3][-]{subsubsection.4.20.3.20}{\376\377\000p\000r\000i\000n\000t\000I\000n\000f\000o}{subsection.4.20.3}% 262
\BOOKMARK [3][-]{subsubsection.4.20.3.21}{\376\377\000s\000a\000v\000e\000A\000v\000e\000r\000a\000g\000e\000d\000P\000o\000i\000n\000t\000L\000u\000m\000i\000n\000o\000s\000i\000t\000y}{subsection.4.20.3}% 263
\BOOKMARK [3][-]{subsubsection.4.20.3.22}{\376\377\000s\000a\000v\000e\000A\000v\000e\000r\000a\000g\000e\000d\000P\000o\000i\000n\000t\000L\000u\000m\000i\000n\000o\000s\000i\000t\000y\000S\000u\000m}{subsection.4.20.3}% 264
\BOOKMARK [3][-]{subsubsection.4.20.3.23}{\376\377\000s\000a\000v\000e\000A\000v\000e\000r\000a\000g\000e\000d\000P\000o\000i\000n\000t\000L\000u\000m\000i\000n\000o\000s\000i\000t\000y\000S\000u\000m}{subsection.4.20.3}% 265
\BOOKMARK [3][-]{subsubsection.4.20.3.24}{\376\377\000s\000a\000v\000e\000P\000o\000i\000n\000t\000L\000u\000m\000i\000n\000o\000s\000i\000t\000y}{subsection.4.20.3}% 266
\BOOKMARK [3][-]{subsubsection.4.20.3.25}{\376\377\000s\000a\000v\000e\000P\000o\000i\000n\000t\000L\000u\000m\000i\000n\000o\000s\000i\000t\000y\000S\000u\000m}{subsection.4.20.3}% 267
\BOOKMARK [3][-]{subsubsection.4.20.3.26}{\376\377\000s\000a\000v\000e\000P\000o\000i\000n\000t\000L\000u\000m\000i\000n\000o\000s\000i\000t\000y\000S\000u\000m}{subsection.4.20.3}% 268
\BOOKMARK [3][-]{subsubsection.4.20.3.27}{\376\377\000s\000i\000z\000e\000E\000n\000D\000i\000s\000s\000P\000r\000o\000c}{subsection.4.20.3}% 269
\BOOKMARK [3][-]{subsubsection.4.20.3.28}{\376\377\000s\000i\000z\000e\000E\000n\000D\000i\000s\000s\000P\000r\000o\000c\000P\000o\000i\000n\000t}{subsection.4.20.3}% 270
\BOOKMARK [3][-]{subsubsection.4.20.3.29}{\376\377\000s\000i\000z\000e\000E\000x\000t\000G\000u}{subsection.4.20.3}% 271
\BOOKMARK [3][-]{subsubsection.4.20.3.30}{\376\377\000s\000i\000z\000e\000E\000x\000t\000P\000l}{subsection.4.20.3}% 272
\BOOKMARK [3][-]{subsubsection.4.20.3.31}{\376\377\000s\000i\000z\000e\000E\000x\000t\000S\000p}{subsection.4.20.3}% 273
\BOOKMARK [3][-]{subsubsection.4.20.3.32}{\376\377\000s\000u\000m\000P\000o\000i\000n\000t\000A\000v\000g\000L\000u\000m\000i\000n\000o\000s\000i\000t\000y}{subsection.4.20.3}% 274
\BOOKMARK [3][-]{subsubsection.4.20.3.33}{\376\377\000s\000u\000m\000P\000o\000i\000n\000t\000L\000u\000m\000i\000n\000o\000s\000i\000t\000y}{subsection.4.20.3}% 275
\BOOKMARK [2][-]{subsection.4.20.4}{\376\377\000M\000e\000m\000b\000e\000r\000\040\000D\000a\000t\000a\000\040\000D\000o\000c\000u\000m\000e\000n\000t\000a\000t\000i\000o\000n}{section.4.20}% 276
\BOOKMARK [3][-]{subsubsection.4.20.4.1}{\376\377\000E\000n\000D\000i\000s\000s\000P\000r\000o\000c}{subsection.4.20.4}% 277
\BOOKMARK [3][-]{subsubsection.4.20.4.2}{\376\377\000f\000r\000e\000q\000L\000i\000s\000t}{subsection.4.20.4}% 278
\BOOKMARK [3][-]{subsubsection.4.20.4.3}{\376\377\000v\000P\000o\000i\000n\000t\000S\000u\000m}{subsection.4.20.4}% 279
\BOOKMARK [1][-]{section.4.21}{\376\377\000Q\000u\000a\000s\000a\000r\000A\000c\000c\000D\000i\000s\000k\000\040\000C\000l\000a\000s\000s\000\040\000R\000e\000f\000e\000r\000e\000n\000c\000e}{chapter.4}% 280
\BOOKMARK [2][-]{subsection.4.21.1}{\376\377\000D\000e\000t\000a\000i\000l\000e\000d\000\040\000D\000e\000s\000c\000r\000i\000p\000t\000i\000o\000n}{section.4.21}% 281
\BOOKMARK [2][-]{subsection.4.21.2}{\376\377\000C\000o\000n\000s\000t\000r\000u\000c\000t\000o\000r\000\040\000\046\000\040\000D\000e\000s\000t\000r\000u\000c\000t\000o\000r\000\040\000D\000o\000c\000u\000m\000e\000n\000t\000a\000t\000i\000o\000n}{section.4.21}% 282
\BOOKMARK [3][-]{subsubsection.4.21.2.1}{\376\377\000Q\000u\000a\000s\000a\000r\000A\000c\000c\000D\000i\000s\000k}{subsection.4.21.2}% 283
\BOOKMARK [3][-]{subsubsection.4.21.2.2}{\376\377\000Q\000u\000a\000s\000a\000r\000A\000c\000c\000D\000i\000s\000k}{subsection.4.21.2}% 284
\BOOKMARK [2][-]{subsection.4.21.3}{\376\377\000M\000e\000m\000b\000e\000r\000\040\000F\000u\000n\000c\000t\000i\000o\000n\000\040\000D\000o\000c\000u\000m\000e\000n\000t\000a\000t\000i\000o\000n}{section.4.21}% 285
\BOOKMARK [3][-]{subsubsection.4.21.3.1}{\376\377\000a\000l\000l\000o\000c\000a\000t\000e\000L\000v}{subsection.4.21.3}% 286
\BOOKMARK [3][-]{subsubsection.4.21.3.2}{\376\377\000c\000a\000l\000c\000u\000l\000a\000t\000e\000L\000u\000m\000i\000n\000o\000s\000i\000t\000y}{subsection.4.21.3}% 287
\BOOKMARK [3][-]{subsubsection.4.21.3.3}{\376\377\000c\000a\000l\000c\000u\000l\000a\000t\000e\000L\000v}{subsection.4.21.3}% 288
\BOOKMARK [3][-]{subsubsection.4.21.3.4}{\376\377\000g\000e\000t\000T\000e\000m\000p\000e\000r\000a\000t\000u\000r\000e}{subsection.4.21.3}% 289
\BOOKMARK [3][-]{subsubsection.4.21.3.5}{\376\377\000p\000r\000i\000n\000t\000I\000n\000f\000o}{subsection.4.21.3}% 290
\BOOKMARK [3][-]{subsubsection.4.21.3.6}{\376\377\000r\000e\000a\000d\000T\000e\000m\000p\000l\000a\000t\000e}{subsection.4.21.3}% 291
\BOOKMARK [3][-]{subsubsection.4.21.3.7}{\376\377\000s\000a\000v\000e\000T\000e\000m\000p\000l\000a\000t\000e}{subsection.4.21.3}% 292
\BOOKMARK [3][-]{subsubsection.4.21.3.8}{\376\377\000s\000c\000a\000l\000e\000T\000e\000m\000p\000l\000a\000t\000e}{subsection.4.21.3}% 293
\BOOKMARK [3][-]{subsubsection.4.21.3.9}{\376\377\000s\000e\000t\000E\000n\000e\000r\000g\000e\000t\000i\000c\000s}{subsection.4.21.3}% 294
\BOOKMARK [3][-]{subsubsection.4.21.3.10}{\376\377\000s\000e\000t\000R\000a\000d\000i\000u\000s}{subsection.4.21.3}% 295
\BOOKMARK [2][-]{subsection.4.21.4}{\376\377\000M\000e\000m\000b\000e\000r\000\040\000D\000a\000t\000a\000\040\000D\000o\000c\000u\000m\000e\000n\000t\000a\000t\000i\000o\000n}{section.4.21}% 296
\BOOKMARK [3][-]{subsubsection.4.21.4.1}{\376\377\000R}{subsection.4.21.4}% 297
\BOOKMARK [3][-]{subsubsection.4.21.4.2}{\376\377\000v\000T\000e\000m\000p\000l\000a\000t\000e}{subsection.4.21.4}% 298
\BOOKMARK [1][-]{section.4.22}{\376\377\000s\000e\000l\000f\000S\000y\000n\000C\000o\000m\000p\000t\000o\000n\000\040\000C\000l\000a\000s\000s\000\040\000R\000e\000f\000e\000r\000e\000n\000c\000e}{chapter.4}% 299
\BOOKMARK [2][-]{subsection.4.22.1}{\376\377\000D\000e\000t\000a\000i\000l\000e\000d\000\040\000D\000e\000s\000c\000r\000i\000p\000t\000i\000o\000n}{section.4.22}% 300
\BOOKMARK [2][-]{subsection.4.22.2}{\376\377\000C\000o\000n\000s\000t\000r\000u\000c\000t\000o\000r\000\040\000\046\000\040\000D\000e\000s\000t\000r\000u\000c\000t\000o\000r\000\040\000D\000o\000c\000u\000m\000e\000n\000t\000a\000t\000i\000o\000n}{section.4.22}% 301
\BOOKMARK [3][-]{subsubsection.4.22.2.1}{\376\377\000s\000e\000l\000f\000S\000y\000n\000C\000o\000m\000p\000t\000o\000n}{subsection.4.22.2}% 302
\BOOKMARK [3][-]{subsubsection.4.22.2.2}{\376\377\000s\000e\000l\000f\000S\000y\000n\000C\000o\000m\000p\000t\000o\000n}{subsection.4.22.2}% 303
\BOOKMARK [2][-]{subsection.4.22.3}{\376\377\000M\000e\000m\000b\000e\000r\000\040\000F\000u\000n\000c\000t\000i\000o\000n\000\040\000D\000o\000c\000u\000m\000e\000n\000t\000a\000t\000i\000o\000n}{section.4.22}% 304
\BOOKMARK [3][-]{subsubsection.4.22.3.1}{\376\377\000c\000a\000l\000c\000u\000l\000a\000t\000e\000L\000p\000v}{subsection.4.22.3}% 305
\BOOKMARK [3][-]{subsubsection.4.22.3.2}{\376\377\000d\000o\000t\000g}{subsection.4.22.3}% 306
\BOOKMARK [3][-]{subsubsection.4.22.3.3}{\376\377\000p\000r\000i\000n\000t\000I\000n\000f\000o}{subsection.4.22.3}% 307
\BOOKMARK [3][-]{subsubsection.4.22.3.4}{\376\377\000s\000e\000t\000L\000p\000v}{subsection.4.22.3}% 308
\BOOKMARK [3][-]{subsubsection.4.22.3.5}{\376\377\000u\000p\000d\000a\000t\000e}{subsection.4.22.3}% 309
\BOOKMARK [2][-]{subsection.4.22.4}{\376\377\000M\000e\000m\000b\000e\000r\000\040\000D\000a\000t\000a\000\040\000D\000o\000c\000u\000m\000e\000n\000t\000a\000t\000i\000o\000n}{section.4.22}% 310
\BOOKMARK [3][-]{subsubsection.4.22.4.1}{\376\377\000B}{subsection.4.22.4}% 311
\BOOKMARK [3][-]{subsubsection.4.22.4.2}{\376\377\000s\000y\000n}{subsection.4.22.4}% 312
\BOOKMARK [1][-]{section.4.23}{\376\377\000s\000t\000r\000u\000c\000t\000\040\000C\000l\000a\000s\000s\000\040\000R\000e\000f\000e\000r\000e\000n\000c\000e}{chapter.4}% 313
\BOOKMARK [2][-]{subsection.4.23.1}{\376\377\000D\000e\000t\000a\000i\000l\000e\000d\000\040\000D\000e\000s\000c\000r\000i\000p\000t\000i\000o\000n}{section.4.23}% 314
\BOOKMARK [1][-]{section.4.24}{\376\377\000s\000y\000n\000c\000h\000r\000o\000t\000r\000o\000n\000\040\000C\000l\000a\000s\000s\000\040\000R\000e\000f\000e\000r\000e\000n\000c\000e}{chapter.4}% 315
\BOOKMARK [2][-]{subsection.4.24.1}{\376\377\000D\000e\000t\000a\000i\000l\000e\000d\000\040\000D\000e\000s\000c\000r\000i\000p\000t\000i\000o\000n}{section.4.24}% 316
\BOOKMARK [2][-]{subsection.4.24.2}{\376\377\000C\000o\000n\000s\000t\000r\000u\000c\000t\000o\000r\000\040\000\046\000\040\000D\000e\000s\000t\000r\000u\000c\000t\000o\000r\000\040\000D\000o\000c\000u\000m\000e\000n\000t\000a\000t\000i\000o\000n}{section.4.24}% 317
\BOOKMARK [3][-]{subsubsection.4.24.2.1}{\376\377\000s\000y\000n\000c\000h\000r\000o\000t\000r\000o\000n}{subsection.4.24.2}% 318
\BOOKMARK [3][-]{subsubsection.4.24.2.2}{\376\377\000s\000y\000n\000c\000h\000r\000o\000t\000r\000o\000n}{subsection.4.24.2}% 319
\BOOKMARK [2][-]{subsection.4.24.3}{\376\377\000M\000e\000m\000b\000e\000r\000\040\000F\000u\000n\000c\000t\000i\000o\000n\000\040\000D\000o\000c\000u\000m\000e\000n\000t\000a\000t\000i\000o\000n}{section.4.24}% 320
\BOOKMARK [3][-]{subsubsection.4.24.3.1}{\376\377\000c\000a\000l\000c\000u\000l\000a\000t\000e\000L\000p\000v}{subsection.4.24.3}% 321
\BOOKMARK [3][-]{subsubsection.4.24.3.2}{\376\377\000d\000o\000t\000g}{subsection.4.24.3}% 322
\BOOKMARK [3][-]{subsubsection.4.24.3.3}{\376\377\000i\000t\000e\000r\000a\000t\000e}{subsection.4.24.3}% 323
\BOOKMARK [3][-]{subsubsection.4.24.3.4}{\376\377\000p\000r\000i\000n\000t\000I\000n\000f\000o}{subsection.4.24.3}% 324
\BOOKMARK [3][-]{subsubsection.4.24.3.5}{\376\377\000s\000e\000t\000L\000p\000v}{subsection.4.24.3}% 325
\BOOKMARK [3][-]{subsubsection.4.24.3.6}{\376\377\000u\000p\000d\000a\000t\000e}{subsection.4.24.3}% 326
\BOOKMARK [0][-]{chapter.5}{\376\377\000F\000i\000l\000e\000\040\000D\000o\000c\000u\000m\000e\000n\000t\000a\000t\000i\000o\000n}{}% 327
\BOOKMARK [1][-]{section.5.1}{\376\377\000/\000h\000o\000m\000e\000/\000m\000j\000a\000n\000i\000a\000k\000/\000S\000o\000f\000t\000/\000b\000l\000a\000z\000a\000r\000+\000+\000/\000i\000n\000c\000l\000u\000d\000e\000/\000A\000c\000c\000d\000P\000l\000a\000n\000a\000r\000.\000h\000p\000p\000\040\000F\000i\000l\000e\000\040\000R\000e\000f\000e\000r\000e\000n\000c\000e}{chapter.5}% 328
\BOOKMARK [2][-]{subsection.5.1.1}{\376\377\000D\000e\000t\000a\000i\000l\000e\000d\000\040\000D\000e\000s\000c\000r\000i\000p\000t\000i\000o\000n}{section.5.1}% 329
\BOOKMARK [1][-]{section.5.2}{\376\377\000/\000h\000o\000m\000e\000/\000m\000j\000a\000n\000i\000a\000k\000/\000S\000o\000f\000t\000/\000b\000l\000a\000z\000a\000r\000+\000+\000/\000i\000n\000c\000l\000u\000d\000e\000/\000A\000c\000c\000d\000S\000p\000h\000e\000r\000i\000c\000a\000l\000G\000u\000.\000h\000p\000p\000\040\000F\000i\000l\000e\000\040\000R\000e\000f\000e\000r\000e\000n\000c\000e}{chapter.5}% 330
\BOOKMARK [2][-]{subsection.5.2.1}{\376\377\000D\000e\000t\000a\000i\000l\000e\000d\000\040\000D\000e\000s\000c\000r\000i\000p\000t\000i\000o\000n}{section.5.2}% 331
\BOOKMARK [1][-]{section.5.3}{\376\377\000/\000h\000o\000m\000e\000/\000m\000j\000a\000n\000i\000a\000k\000/\000S\000o\000f\000t\000/\000b\000l\000a\000z\000a\000r\000+\000+\000/\000i\000n\000c\000l\000u\000d\000e\000/\000b\000a\000s\000e\000C\000l\000a\000s\000s\000.\000h\000p\000p\000\040\000F\000i\000l\000e\000\040\000R\000e\000f\000e\000r\000e\000n\000c\000e}{chapter.5}% 332
\BOOKMARK [2][-]{subsection.5.3.1}{\376\377\000D\000e\000t\000a\000i\000l\000e\000d\000\040\000D\000e\000s\000c\000r\000i\000p\000t\000i\000o\000n}{section.5.3}% 333
\BOOKMARK [1][-]{section.5.4}{\376\377\000/\000h\000o\000m\000e\000/\000m\000j\000a\000n\000i\000a\000k\000/\000S\000o\000f\000t\000/\000b\000l\000a\000z\000a\000r\000+\000+\000/\000i\000n\000c\000l\000u\000d\000e\000/\000b\000l\000a\000z\000a\000r\000.\000h\000p\000p\000\040\000F\000i\000l\000e\000\040\000R\000e\000f\000e\000r\000e\000n\000c\000e}{chapter.5}% 334
\BOOKMARK [2][-]{subsection.5.4.1}{\376\377\000D\000e\000t\000a\000i\000l\000e\000d\000\040\000D\000e\000s\000c\000r\000i\000p\000t\000i\000o\000n}{section.5.4}% 335
\BOOKMARK [2][-]{subsection.5.4.2}{\376\377\000F\000u\000n\000c\000t\000i\000o\000n\000\040\000D\000o\000c\000u\000m\000e\000n\000t\000a\000t\000i\000o\000n}{section.5.4}% 336
\BOOKMARK [3][-]{subsubsection.5.4.2.1}{\376\377\000g\000e\000t\000C\000o\000n\000f\000i\000g\000S\000w\000i\000t\000c\000h\000e\000s}{subsection.5.4.2}% 337
\BOOKMARK [3][-]{subsubsection.5.4.2.2}{\376\377\000s\000a\000f\000e\000t\000y\000C\000o\000n\000f\000i\000g\000S\000w\000i\000t\000c\000h\000e\000s}{subsection.5.4.2}% 338
\BOOKMARK [1][-]{section.5.5}{\376\377\000/\000h\000o\000m\000e\000/\000m\000j\000a\000n\000i\000a\000k\000/\000S\000o\000f\000t\000/\000b\000l\000a\000z\000a\000r\000+\000+\000/\000i\000n\000c\000l\000u\000d\000e\000/\000B\000l\000r\000P\000l\000a\000n\000a\000r\000.\000h\000p\000p\000\040\000F\000i\000l\000e\000\040\000R\000e\000f\000e\000r\000e\000n\000c\000e}{chapter.5}% 339
\BOOKMARK [2][-]{subsection.5.5.1}{\376\377\000D\000e\000t\000a\000i\000l\000e\000d\000\040\000D\000e\000s\000c\000r\000i\000p\000t\000i\000o\000n}{section.5.5}% 340
\BOOKMARK [1][-]{section.5.6}{\376\377\000/\000h\000o\000m\000e\000/\000m\000j\000a\000n\000i\000a\000k\000/\000S\000o\000f\000t\000/\000b\000l\000a\000z\000a\000r\000+\000+\000/\000i\000n\000c\000l\000u\000d\000e\000/\000B\000l\000r\000S\000p\000h\000e\000r\000i\000c\000a\000l\000.\000h\000p\000p\000\040\000F\000i\000l\000e\000\040\000R\000e\000f\000e\000r\000e\000n\000c\000e}{chapter.5}% 341
\BOOKMARK [2][-]{subsection.5.6.1}{\376\377\000D\000e\000t\000a\000i\000l\000e\000d\000\040\000D\000e\000s\000c\000r\000i\000p\000t\000i\000o\000n}{section.5.6}% 342
\BOOKMARK [1][-]{section.5.7}{\376\377\000/\000h\000o\000m\000e\000/\000m\000j\000a\000n\000i\000a\000k\000/\000S\000o\000f\000t\000/\000b\000l\000a\000z\000a\000r\000+\000+\000/\000i\000n\000c\000l\000u\000d\000e\000/\000B\000l\000r\000S\000p\000h\000e\000r\000i\000c\000a\000l\000G\000u\000.\000h\000p\000p\000\040\000F\000i\000l\000e\000\040\000R\000e\000f\000e\000r\000e\000n\000c\000e}{chapter.5}% 343
\BOOKMARK [2][-]{subsection.5.7.1}{\376\377\000D\000e\000t\000a\000i\000l\000e\000d\000\040\000D\000e\000s\000c\000r\000i\000p\000t\000i\000o\000n}{section.5.7}% 344
\BOOKMARK [1][-]{section.5.8}{\376\377\000/\000h\000o\000m\000e\000/\000m\000j\000a\000n\000i\000a\000k\000/\000S\000o\000f\000t\000/\000b\000l\000a\000z\000a\000r\000+\000+\000/\000i\000n\000c\000l\000u\000d\000e\000/\000D\000t\000P\000l\000a\000n\000a\000r\000.\000h\000p\000p\000\040\000F\000i\000l\000e\000\040\000R\000e\000f\000e\000r\000e\000n\000c\000e}{chapter.5}% 345
\BOOKMARK [2][-]{subsection.5.8.1}{\376\377\000D\000e\000t\000a\000i\000l\000e\000d\000\040\000D\000e\000s\000c\000r\000i\000p\000t\000i\000o\000n}{section.5.8}% 346
\BOOKMARK [1][-]{section.5.9}{\376\377\000/\000h\000o\000m\000e\000/\000m\000j\000a\000n\000i\000a\000k\000/\000S\000o\000f\000t\000/\000b\000l\000a\000z\000a\000r\000+\000+\000/\000i\000n\000c\000l\000u\000d\000e\000/\000D\000t\000S\000p\000h\000e\000r\000i\000c\000a\000l\000.\000h\000p\000p\000\040\000F\000i\000l\000e\000\040\000R\000e\000f\000e\000r\000e\000n\000c\000e}{chapter.5}% 347
\BOOKMARK [2][-]{subsection.5.9.1}{\376\377\000D\000e\000t\000a\000i\000l\000e\000d\000\040\000D\000e\000s\000c\000r\000i\000p\000t\000i\000o\000n}{section.5.9}% 348
\BOOKMARK [1][-]{section.5.10}{\376\377\000/\000h\000o\000m\000e\000/\000m\000j\000a\000n\000i\000a\000k\000/\000S\000o\000f\000t\000/\000b\000l\000a\000z\000a\000r\000+\000+\000/\000i\000n\000c\000l\000u\000d\000e\000/\000D\000t\000S\000p\000h\000e\000r\000i\000c\000a\000l\000G\000u\000.\000h\000p\000p\000\040\000F\000i\000l\000e\000\040\000R\000e\000f\000e\000r\000e\000n\000c\000e}{chapter.5}% 349
\BOOKMARK [2][-]{subsection.5.10.1}{\376\377\000D\000e\000t\000a\000i\000l\000e\000d\000\040\000D\000e\000s\000c\000r\000i\000p\000t\000i\000o\000n}{section.5.10}% 350
\BOOKMARK [1][-]{section.5.11}{\376\377\000/\000h\000o\000m\000e\000/\000m\000j\000a\000n\000i\000a\000k\000/\000S\000o\000f\000t\000/\000b\000l\000a\000z\000a\000r\000+\000+\000/\000i\000n\000c\000l\000u\000d\000e\000/\000e\000l\000e\000c\000t\000r\000o\000n\000s\000.\000h\000p\000p\000\040\000F\000i\000l\000e\000\040\000R\000e\000f\000e\000r\000e\000n\000c\000e}{chapter.5}% 351
\BOOKMARK [2][-]{subsection.5.11.1}{\376\377\000D\000e\000t\000a\000i\000l\000e\000d\000\040\000D\000e\000s\000c\000r\000i\000p\000t\000i\000o\000n}{section.5.11}% 352
\BOOKMARK [2][-]{subsection.5.11.2}{\376\377\000F\000u\000n\000c\000t\000i\000o\000n\000\040\000D\000o\000c\000u\000m\000e\000n\000t\000a\000t\000i\000o\000n}{section.5.11}% 353
\BOOKMARK [3][-]{subsubsection.5.11.2.1}{\376\377\000f\0001}{subsection.5.11.2}% 354
\BOOKMARK [3][-]{subsubsection.5.11.2.2}{\376\377\000f\0002}{subsection.5.11.2}% 355
\BOOKMARK [3][-]{subsubsection.5.11.2.3}{\376\377\000f\000u\000n\000c\000t\000i\000o\000n\000G\000a\000m\000m\000a\000B\000r\000e\000a\000k}{subsection.5.11.2}% 356
\BOOKMARK [3][-]{subsubsection.5.11.2.4}{\376\377\000s\000o\000l\000v\000e\000G\000a\000m\000m\000a\000B\000r\000e\000a\000k}{subsection.5.11.2}% 357
\BOOKMARK [1][-]{section.5.12}{\376\377\000/\000h\000o\000m\000e\000/\000m\000j\000a\000n\000i\000a\000k\000/\000S\000o\000f\000t\000/\000b\000l\000a\000z\000a\000r\000+\000+\000/\000i\000n\000c\000l\000u\000d\000e\000/\000e\000n\000e\000r\000g\000y\000D\000i\000s\000s\000P\000r\000o\000c\000.\000h\000p\000p\000\040\000F\000i\000l\000e\000\040\000R\000e\000f\000e\000r\000e\000n\000c\000e}{chapter.5}% 358
\BOOKMARK [2][-]{subsection.5.12.1}{\376\377\000D\000e\000t\000a\000i\000l\000e\000d\000\040\000D\000e\000s\000c\000r\000i\000p\000t\000i\000o\000n}{section.5.12}% 359
\BOOKMARK [1][-]{section.5.13}{\376\377\000/\000h\000o\000m\000e\000/\000m\000j\000a\000n\000i\000a\000k\000/\000S\000o\000f\000t\000/\000b\000l\000a\000z\000a\000r\000+\000+\000/\000i\000n\000c\000l\000u\000d\000e\000/\000e\000x\000t\000e\000r\000n\000a\000l\000R\000a\000d\000i\000a\000t\000i\000o\000n\000.\000h\000p\000p\000\040\000F\000i\000l\000e\000\040\000R\000e\000f\000e\000r\000e\000n\000c\000e}{chapter.5}% 360
\BOOKMARK [2][-]{subsection.5.13.1}{\376\377\000D\000e\000t\000a\000i\000l\000e\000d\000\040\000D\000e\000s\000c\000r\000i\000p\000t\000i\000o\000n}{section.5.13}% 361
\BOOKMARK [1][-]{section.5.14}{\376\377\000/\000h\000o\000m\000e\000/\000m\000j\000a\000n\000i\000a\000k\000/\000S\000o\000f\000t\000/\000b\000l\000a\000z\000a\000r\000+\000+\000/\000i\000n\000c\000l\000u\000d\000e\000/\000e\000x\000t\000e\000r\000n\000a\000l\000R\000a\000d\000i\000a\000t\000i\000o\000n\000G\000u\000.\000h\000p\000p\000\040\000F\000i\000l\000e\000\040\000R\000e\000f\000e\000r\000e\000n\000c\000e}{chapter.5}% 362
\BOOKMARK [2][-]{subsection.5.14.1}{\376\377\000D\000e\000t\000a\000i\000l\000e\000d\000\040\000D\000e\000s\000c\000r\000i\000p\000t\000i\000o\000n}{section.5.14}% 363
\BOOKMARK [1][-]{section.5.15}{\376\377\000/\000h\000o\000m\000e\000/\000m\000j\000a\000n\000i\000a\000k\000/\000S\000o\000f\000t\000/\000b\000l\000a\000z\000a\000r\000+\000+\000/\000i\000n\000c\000l\000u\000d\000e\000/\000e\000x\000t\000e\000r\000n\000a\000l\000R\000a\000d\000i\000a\000t\000i\000o\000n\000P\000l\000a\000n\000a\000r\000.\000h\000p\000p\000\040\000F\000i\000l\000e\000\040\000R\000e\000f\000e\000r\000e\000n\000c\000e}{chapter.5}% 364
\BOOKMARK [2][-]{subsection.5.15.1}{\376\377\000D\000e\000t\000a\000i\000l\000e\000d\000\040\000D\000e\000s\000c\000r\000i\000p\000t\000i\000o\000n}{section.5.15}% 365
\BOOKMARK [1][-]{section.5.16}{\376\377\000/\000h\000o\000m\000e\000/\000m\000j\000a\000n\000i\000a\000k\000/\000S\000o\000f\000t\000/\000b\000l\000a\000z\000a\000r\000+\000+\000/\000i\000n\000c\000l\000u\000d\000e\000/\000e\000x\000t\000e\000r\000n\000a\000l\000R\000a\000d\000i\000a\000t\000i\000o\000n\000S\000p\000h\000e\000r\000i\000c\000a\000l\000.\000h\000p\000p\000\040\000F\000i\000l\000e\000\040\000R\000e\000f\000e\000r\000e\000n\000c\000e}{chapter.5}% 366
\BOOKMARK [2][-]{subsection.5.16.1}{\376\377\000D\000e\000t\000a\000i\000l\000e\000d\000\040\000D\000e\000s\000c\000r\000i\000p\000t\000i\000o\000n}{section.5.16}% 367
\BOOKMARK [1][-]{section.5.17}{\376\377\000/\000h\000o\000m\000e\000/\000m\000j\000a\000n\000i\000a\000k\000/\000S\000o\000f\000t\000/\000b\000l\000a\000z\000a\000r\000+\000+\000/\000i\000n\000c\000l\000u\000d\000e\000/\000m\000a\000g\000n\000e\000t\000i\000c\000F\000i\000e\000l\000d\000.\000h\000p\000p\000\040\000F\000i\000l\000e\000\040\000R\000e\000f\000e\000r\000e\000n\000c\000e}{chapter.5}% 368
\BOOKMARK [2][-]{subsection.5.17.1}{\376\377\000D\000e\000t\000a\000i\000l\000e\000d\000\040\000D\000e\000s\000c\000r\000i\000p\000t\000i\000o\000n}{section.5.17}% 369
\BOOKMARK [1][-]{section.5.18}{\376\377\000/\000h\000o\000m\000e\000/\000m\000j\000a\000n\000i\000a\000k\000/\000S\000o\000f\000t\000/\000b\000l\000a\000z\000a\000r\000+\000+\000/\000i\000n\000c\000l\000u\000d\000e\000/\000o\000b\000s\000e\000r\000v\000e\000r\000.\000h\000p\000p\000\040\000F\000i\000l\000e\000\040\000R\000e\000f\000e\000r\000e\000n\000c\000e}{chapter.5}% 370
\BOOKMARK [2][-]{subsection.5.18.1}{\376\377\000D\000e\000t\000a\000i\000l\000e\000d\000\040\000D\000e\000s\000c\000r\000i\000p\000t\000i\000o\000n}{section.5.18}% 371
\BOOKMARK [1][-]{section.5.19}{\376\377\000/\000h\000o\000m\000e\000/\000m\000j\000a\000n\000i\000a\000k\000/\000S\000o\000f\000t\000/\000b\000l\000a\000z\000a\000r\000+\000+\000/\000i\000n\000c\000l\000u\000d\000e\000/\000Q\000u\000a\000s\000a\000r\000A\000c\000c\000D\000i\000s\000k\000.\000h\000p\000p\000\040\000F\000i\000l\000e\000\040\000R\000e\000f\000e\000r\000e\000n\000c\000e}{chapter.5}% 372
\BOOKMARK [2][-]{subsection.5.19.1}{\376\377\000D\000e\000t\000a\000i\000l\000e\000d\000\040\000D\000e\000s\000c\000r\000i\000p\000t\000i\000o\000n}{section.5.19}% 373
\BOOKMARK [1][-]{section.5.20}{\376\377\000/\000h\000o\000m\000e\000/\000m\000j\000a\000n\000i\000a\000k\000/\000S\000o\000f\000t\000/\000b\000l\000a\000z\000a\000r\000+\000+\000/\000i\000n\000c\000l\000u\000d\000e\000/\000s\000e\000l\000f\000S\000y\000n\000C\000o\000m\000p\000t\000o\000n\000.\000h\000p\000p\000\040\000F\000i\000l\000e\000\040\000R\000e\000f\000e\000r\000e\000n\000c\000e}{chapter.5}% 374
\BOOKMARK [2][-]{subsection.5.20.1}{\376\377\000D\000e\000t\000a\000i\000l\000e\000d\000\040\000D\000e\000s\000c\000r\000i\000p\000t\000i\000o\000n}{section.5.20}% 375
\BOOKMARK [1][-]{section.5.21}{\376\377\000/\000h\000o\000m\000e\000/\000m\000j\000a\000n\000i\000a\000k\000/\000S\000o\000f\000t\000/\000b\000l\000a\000z\000a\000r\000+\000+\000/\000i\000n\000c\000l\000u\000d\000e\000/\000s\000y\000n\000c\000h\000r\000o\000t\000r\000o\000n\000.\000h\000p\000p\000\040\000F\000i\000l\000e\000\040\000R\000e\000f\000e\000r\000e\000n\000c\000e}{chapter.5}% 376
\BOOKMARK [2][-]{subsection.5.21.1}{\376\377\000D\000e\000t\000a\000i\000l\000e\000d\000\040\000D\000e\000s\000c\000r\000i\000p\000t\000i\000o\000n}{section.5.21}% 377
\BOOKMARK [1][-]{section.5.22}{\376\377\000/\000h\000o\000m\000e\000/\000m\000j\000a\000n\000i\000a\000k\000/\000S\000o\000f\000t\000/\000b\000l\000a\000z\000a\000r\000+\000+\000/\000s\000r\000c\000/\000A\000c\000c\000d\000P\000l\000a\000n\000a\000r\000.\000c\000p\000p\000\040\000F\000i\000l\000e\000\040\000R\000e\000f\000e\000r\000e\000n\000c\000e}{chapter.5}% 378
\BOOKMARK [2][-]{subsection.5.22.1}{\376\377\000D\000e\000t\000a\000i\000l\000e\000d\000\040\000D\000e\000s\000c\000r\000i\000p\000t\000i\000o\000n}{section.5.22}% 379
\BOOKMARK [1][-]{section.5.23}{\376\377\000/\000h\000o\000m\000e\000/\000m\000j\000a\000n\000i\000a\000k\000/\000S\000o\000f\000t\000/\000b\000l\000a\000z\000a\000r\000+\000+\000/\000s\000r\000c\000/\000b\000a\000s\000e\000C\000l\000a\000s\000s\000.\000c\000p\000p\000\040\000F\000i\000l\000e\000\040\000R\000e\000f\000e\000r\000e\000n\000c\000e}{chapter.5}% 380
\BOOKMARK [2][-]{subsection.5.23.1}{\376\377\000D\000e\000t\000a\000i\000l\000e\000d\000\040\000D\000e\000s\000c\000r\000i\000p\000t\000i\000o\000n}{section.5.23}% 381
\BOOKMARK [1][-]{section.5.24}{\376\377\000/\000h\000o\000m\000e\000/\000m\000j\000a\000n\000i\000a\000k\000/\000S\000o\000f\000t\000/\000b\000l\000a\000z\000a\000r\000+\000+\000/\000s\000r\000c\000/\000b\000l\000a\000z\000a\000r\000.\000c\000p\000p\000\040\000F\000i\000l\000e\000\040\000R\000e\000f\000e\000r\000e\000n\000c\000e}{chapter.5}% 382
\BOOKMARK [2][-]{subsection.5.24.1}{\376\377\000D\000e\000t\000a\000i\000l\000e\000d\000\040\000D\000e\000s\000c\000r\000i\000p\000t\000i\000o\000n}{section.5.24}% 383
\BOOKMARK [2][-]{subsection.5.24.2}{\376\377\000F\000u\000n\000c\000t\000i\000o\000n\000\040\000D\000o\000c\000u\000m\000e\000n\000t\000a\000t\000i\000o\000n}{section.5.24}% 384
\BOOKMARK [3][-]{subsubsection.5.24.2.1}{\376\377\000m\000a\000i\000n}{subsection.5.24.2}% 385
\BOOKMARK [1][-]{section.5.25}{\376\377\000/\000h\000o\000m\000e\000/\000m\000j\000a\000n\000i\000a\000k\000/\000S\000o\000f\000t\000/\000b\000l\000a\000z\000a\000r\000+\000+\000/\000s\000r\000c\000/\000B\000l\000r\000P\000l\000a\000n\000a\000r\000.\000c\000p\000p\000\040\000F\000i\000l\000e\000\040\000R\000e\000f\000e\000r\000e\000n\000c\000e}{chapter.5}% 386
\BOOKMARK [2][-]{subsection.5.25.1}{\376\377\000D\000e\000t\000a\000i\000l\000e\000d\000\040\000D\000e\000s\000c\000r\000i\000p\000t\000i\000o\000n}{section.5.25}% 387
\BOOKMARK [1][-]{section.5.26}{\376\377\000/\000h\000o\000m\000e\000/\000m\000j\000a\000n\000i\000a\000k\000/\000S\000o\000f\000t\000/\000b\000l\000a\000z\000a\000r\000+\000+\000/\000s\000r\000c\000/\000B\000l\000r\000S\000p\000h\000e\000r\000i\000c\000a\000l\000.\000c\000p\000p\000\040\000F\000i\000l\000e\000\040\000R\000e\000f\000e\000r\000e\000n\000c\000e}{chapter.5}% 388
\BOOKMARK [2][-]{subsection.5.26.1}{\376\377\000D\000e\000t\000a\000i\000l\000e\000d\000\040\000D\000e\000s\000c\000r\000i\000p\000t\000i\000o\000n}{section.5.26}% 389
\BOOKMARK [1][-]{section.5.27}{\376\377\000/\000h\000o\000m\000e\000/\000m\000j\000a\000n\000i\000a\000k\000/\000S\000o\000f\000t\000/\000b\000l\000a\000z\000a\000r\000+\000+\000/\000s\000r\000c\000/\000B\000l\000r\000S\000p\000h\000e\000r\000i\000c\000a\000l\000G\000u\000.\000c\000p\000p\000\040\000F\000i\000l\000e\000\040\000R\000e\000f\000e\000r\000e\000n\000c\000e}{chapter.5}% 390
\BOOKMARK [2][-]{subsection.5.27.1}{\376\377\000D\000e\000t\000a\000i\000l\000e\000d\000\040\000D\000e\000s\000c\000r\000i\000p\000t\000i\000o\000n}{section.5.27}% 391
\BOOKMARK [1][-]{section.5.28}{\376\377\000/\000h\000o\000m\000e\000/\000m\000j\000a\000n\000i\000a\000k\000/\000S\000o\000f\000t\000/\000b\000l\000a\000z\000a\000r\000+\000+\000/\000s\000r\000c\000/\000D\000t\000P\000l\000a\000n\000a\000r\000.\000c\000p\000p\000\040\000F\000i\000l\000e\000\040\000R\000e\000f\000e\000r\000e\000n\000c\000e}{chapter.5}% 392
\BOOKMARK [2][-]{subsection.5.28.1}{\376\377\000D\000e\000t\000a\000i\000l\000e\000d\000\040\000D\000e\000s\000c\000r\000i\000p\000t\000i\000o\000n}{section.5.28}% 393
\BOOKMARK [1][-]{section.5.29}{\376\377\000/\000h\000o\000m\000e\000/\000m\000j\000a\000n\000i\000a\000k\000/\000S\000o\000f\000t\000/\000b\000l\000a\000z\000a\000r\000+\000+\000/\000s\000r\000c\000/\000D\000t\000S\000p\000h\000e\000r\000i\000c\000a\000l\000.\000c\000p\000p\000\040\000F\000i\000l\000e\000\040\000R\000e\000f\000e\000r\000e\000n\000c\000e}{chapter.5}% 394
\BOOKMARK [2][-]{subsection.5.29.1}{\376\377\000D\000e\000t\000a\000i\000l\000e\000d\000\040\000D\000e\000s\000c\000r\000i\000p\000t\000i\000o\000n}{section.5.29}% 395
\BOOKMARK [1][-]{section.5.30}{\376\377\000/\000h\000o\000m\000e\000/\000m\000j\000a\000n\000i\000a\000k\000/\000S\000o\000f\000t\000/\000b\000l\000a\000z\000a\000r\000+\000+\000/\000s\000r\000c\000/\000D\000t\000S\000p\000h\000e\000r\000i\000c\000a\000l\000G\000u\000.\000c\000p\000p\000\040\000F\000i\000l\000e\000\040\000R\000e\000f\000e\000r\000e\000n\000c\000e}{chapter.5}% 396
\BOOKMARK [2][-]{subsection.5.30.1}{\376\377\000D\000e\000t\000a\000i\000l\000e\000d\000\040\000D\000e\000s\000c\000r\000i\000p\000t\000i\000o\000n}{section.5.30}% 397
\BOOKMARK [1][-]{section.5.31}{\376\377\000/\000h\000o\000m\000e\000/\000m\000j\000a\000n\000i\000a\000k\000/\000S\000o\000f\000t\000/\000b\000l\000a\000z\000a\000r\000+\000+\000/\000s\000r\000c\000/\000e\000l\000e\000c\000t\000r\000o\000n\000s\000.\000c\000p\000p\000\040\000F\000i\000l\000e\000\040\000R\000e\000f\000e\000r\000e\000n\000c\000e}{chapter.5}% 398
\BOOKMARK [2][-]{subsection.5.31.1}{\376\377\000D\000e\000t\000a\000i\000l\000e\000d\000\040\000D\000e\000s\000c\000r\000i\000p\000t\000i\000o\000n}{section.5.31}% 399
\BOOKMARK [2][-]{subsection.5.31.2}{\376\377\000F\000u\000n\000c\000t\000i\000o\000n\000\040\000D\000o\000c\000u\000m\000e\000n\000t\000a\000t\000i\000o\000n}{section.5.31}% 400
\BOOKMARK [3][-]{subsubsection.5.31.2.1}{\376\377\000f\0001}{subsection.5.31.2}% 401
\BOOKMARK [3][-]{subsubsection.5.31.2.2}{\376\377\000f\0002}{subsection.5.31.2}% 402
\BOOKMARK [3][-]{subsubsection.5.31.2.3}{\376\377\000f\000u\000n\000c\000t\000i\000o\000n\000G\000a\000m\000m\000a\000B\000r\000e\000a\000k}{subsection.5.31.2}% 403
\BOOKMARK [3][-]{subsubsection.5.31.2.4}{\376\377\000s\000o\000l\000v\000e\000G\000a\000m\000m\000a\000B\000r\000e\000a\000k}{subsection.5.31.2}% 404
\BOOKMARK [1][-]{section.5.32}{\376\377\000/\000h\000o\000m\000e\000/\000m\000j\000a\000n\000i\000a\000k\000/\000S\000o\000f\000t\000/\000b\000l\000a\000z\000a\000r\000+\000+\000/\000s\000r\000c\000/\000e\000n\000e\000r\000g\000y\000D\000i\000s\000s\000P\000r\000o\000c\000.\000c\000p\000p\000\040\000F\000i\000l\000e\000\040\000R\000e\000f\000e\000r\000e\000n\000c\000e}{chapter.5}% 405
\BOOKMARK [2][-]{subsection.5.32.1}{\376\377\000D\000e\000t\000a\000i\000l\000e\000d\000\040\000D\000e\000s\000c\000r\000i\000p\000t\000i\000o\000n}{section.5.32}% 406
\BOOKMARK [1][-]{section.5.33}{\376\377\000/\000h\000o\000m\000e\000/\000m\000j\000a\000n\000i\000a\000k\000/\000S\000o\000f\000t\000/\000b\000l\000a\000z\000a\000r\000+\000+\000/\000s\000r\000c\000/\000e\000x\000t\000e\000r\000n\000a\000l\000R\000a\000d\000i\000a\000t\000i\000o\000n\000.\000c\000p\000p\000\040\000F\000i\000l\000e\000\040\000R\000e\000f\000e\000r\000e\000n\000c\000e}{chapter.5}% 407
\BOOKMARK [2][-]{subsection.5.33.1}{\376\377\000D\000e\000t\000a\000i\000l\000e\000d\000\040\000D\000e\000s\000c\000r\000i\000p\000t\000i\000o\000n}{section.5.33}% 408
\BOOKMARK [1][-]{section.5.34}{\376\377\000/\000h\000o\000m\000e\000/\000m\000j\000a\000n\000i\000a\000k\000/\000S\000o\000f\000t\000/\000b\000l\000a\000z\000a\000r\000+\000+\000/\000s\000r\000c\000/\000e\000x\000t\000e\000r\000n\000a\000l\000R\000a\000d\000i\000a\000t\000i\000o\000n\000G\000u\000.\000c\000p\000p\000\040\000F\000i\000l\000e\000\040\000R\000e\000f\000e\000r\000e\000n\000c\000e}{chapter.5}% 409
\BOOKMARK [2][-]{subsection.5.34.1}{\376\377\000D\000e\000t\000a\000i\000l\000e\000d\000\040\000D\000e\000s\000c\000r\000i\000p\000t\000i\000o\000n}{section.5.34}% 410
\BOOKMARK [1][-]{section.5.35}{\376\377\000/\000h\000o\000m\000e\000/\000m\000j\000a\000n\000i\000a\000k\000/\000S\000o\000f\000t\000/\000b\000l\000a\000z\000a\000r\000+\000+\000/\000s\000r\000c\000/\000e\000x\000t\000e\000r\000n\000a\000l\000R\000a\000d\000i\000a\000t\000i\000o\000n\000P\000l\000a\000n\000a\000r\000.\000c\000p\000p\000\040\000F\000i\000l\000e\000\040\000R\000e\000f\000e\000r\000e\000n\000c\000e}{chapter.5}% 411
\BOOKMARK [2][-]{subsection.5.35.1}{\376\377\000D\000e\000t\000a\000i\000l\000e\000d\000\040\000D\000e\000s\000c\000r\000i\000p\000t\000i\000o\000n}{section.5.35}% 412
\BOOKMARK [1][-]{section.5.36}{\376\377\000/\000h\000o\000m\000e\000/\000m\000j\000a\000n\000i\000a\000k\000/\000S\000o\000f\000t\000/\000b\000l\000a\000z\000a\000r\000+\000+\000/\000s\000r\000c\000/\000e\000x\000t\000e\000r\000n\000a\000l\000R\000a\000d\000i\000a\000t\000i\000o\000n\000S\000p\000h\000e\000r\000i\000c\000a\000l\000.\000c\000p\000p\000\040\000F\000i\000l\000e\000\040\000R\000e\000f\000e\000r\000e\000n\000c\000e}{chapter.5}% 413
\BOOKMARK [2][-]{subsection.5.36.1}{\376\377\000D\000e\000t\000a\000i\000l\000e\000d\000\040\000D\000e\000s\000c\000r\000i\000p\000t\000i\000o\000n}{section.5.36}% 414
\BOOKMARK [1][-]{section.5.37}{\376\377\000/\000h\000o\000m\000e\000/\000m\000j\000a\000n\000i\000a\000k\000/\000S\000o\000f\000t\000/\000b\000l\000a\000z\000a\000r\000+\000+\000/\000s\000r\000c\000/\000m\000a\000g\000n\000e\000t\000i\000c\000F\000i\000e\000l\000d\000.\000c\000p\000p\000\040\000F\000i\000l\000e\000\040\000R\000e\000f\000e\000r\000e\000n\000c\000e}{chapter.5}% 415
\BOOKMARK [2][-]{subsection.5.37.1}{\376\377\000D\000e\000t\000a\000i\000l\000e\000d\000\040\000D\000e\000s\000c\000r\000i\000p\000t\000i\000o\000n}{section.5.37}% 416
\BOOKMARK [1][-]{section.5.38}{\376\377\000/\000h\000o\000m\000e\000/\000m\000j\000a\000n\000i\000a\000k\000/\000S\000o\000f\000t\000/\000b\000l\000a\000z\000a\000r\000+\000+\000/\000s\000r\000c\000/\000o\000b\000s\000e\000r\000v\000e\000r\000.\000c\000p\000p\000\040\000F\000i\000l\000e\000\040\000R\000e\000f\000e\000r\000e\000n\000c\000e}{chapter.5}% 417
\BOOKMARK [2][-]{subsection.5.38.1}{\376\377\000D\000e\000t\000a\000i\000l\000e\000d\000\040\000D\000e\000s\000c\000r\000i\000p\000t\000i\000o\000n}{section.5.38}% 418
\BOOKMARK [1][-]{section.5.39}{\376\377\000/\000h\000o\000m\000e\000/\000m\000j\000a\000n\000i\000a\000k\000/\000S\000o\000f\000t\000/\000b\000l\000a\000z\000a\000r\000+\000+\000/\000s\000r\000c\000/\000Q\000u\000a\000s\000a\000r\000A\000c\000c\000D\000i\000s\000k\000.\000c\000p\000p\000\040\000F\000i\000l\000e\000\040\000R\000e\000f\000e\000r\000e\000n\000c\000e}{chapter.5}% 419
\BOOKMARK [2][-]{subsection.5.39.1}{\376\377\000D\000e\000t\000a\000i\000l\000e\000d\000\040\000D\000e\000s\000c\000r\000i\000p\000t\000i\000o\000n}{section.5.39}% 420
\BOOKMARK [1][-]{section.5.40}{\376\377\000/\000h\000o\000m\000e\000/\000m\000j\000a\000n\000i\000a\000k\000/\000S\000o\000f\000t\000/\000b\000l\000a\000z\000a\000r\000+\000+\000/\000s\000r\000c\000/\000s\000e\000l\000f\000S\000y\000n\000C\000o\000m\000p\000t\000o\000n\000.\000c\000p\000p\000\040\000F\000i\000l\000e\000\040\000R\000e\000f\000e\000r\000e\000n\000c\000e}{chapter.5}% 421
\BOOKMARK [2][-]{subsection.5.40.1}{\376\377\000D\000e\000t\000a\000i\000l\000e\000d\000\040\000D\000e\000s\000c\000r\000i\000p\000t\000i\000o\000n}{section.5.40}% 422
\BOOKMARK [1][-]{section.5.41}{\376\377\000/\000h\000o\000m\000e\000/\000m\000j\000a\000n\000i\000a\000k\000/\000S\000o\000f\000t\000/\000b\000l\000a\000z\000a\000r\000+\000+\000/\000s\000r\000c\000/\000s\000y\000n\000c\000h\000r\000o\000t\000r\000o\000n\000.\000c\000p\000p\000\040\000F\000i\000l\000e\000\040\000R\000e\000f\000e\000r\000e\000n\000c\000e}{chapter.5}% 423
\BOOKMARK [2][-]{subsection.5.41.1}{\376\377\000D\000e\000t\000a\000i\000l\000e\000d\000\040\000D\000e\000s\000c\000r\000i\000p\000t\000i\000o\000n}{section.5.41}% 424
\BOOKMARK [0][-]{section*.70}{\376\377\000I\000n\000d\000e\000x}{}% 425
